[2022-11-14 15:53:41,041][util][INFO] - yaml
name: ellipse
model:
  epsilon: 0.1
  batch_size: 50
  gamma: 0.9
  learning_rate: 0.00025
  synchro_time: 100
  weight_name: weight.pth
  test_anim_name: test.GIF
  warm_up_anim_name: warm_up.GIF
  reward_fig_name: reward.png
  test_reward_fig_name: reward.png
  loss_fig_name: loss.png
  anim_interval: 25
  train_anim_show: false
env:
  init_wide: 2.0
  init_height: 1.0
  max_episode: 100
  max_epoch: 100
  warm_up_epoch: 100
  round_digit: 2

[2022-11-14 15:53:41,069][util][INFO] - optimizer
Adam (
Parameter Group 0
    amsgrad: False
    betas: (0.9, 0.999)
    capturable: False
    differentiable: False
    eps: 1e-08
    foreach: None
    fused: False
    lr: 0.00025
    maximize: False
    weight_decay: 0
)
[2022-11-14 15:53:41,071][util][INFO] - loss function
SmoothL1Loss()
[2022-11-14 15:53:41,072][util][INFO] - actions list
[[-0.01  0.  ]
 [ 0.    0.  ]
 [ 0.01  0.  ]]
[2022-11-14 15:53:41,073][util][INFO] - main network
Sequential(
  (0): Linear(in_features=2, out_features=3, bias=True)
  (1): ReLU()
  (2): Linear(in_features=3, out_features=4, bias=True)
  (3): ReLU()
  (4): Linear(in_features=4, out_features=5, bias=True)
  (5): ReLU()
  (6): Linear(in_features=5, out_features=3, bias=True)
)
[2022-11-14 15:53:41,075][util][INFO] - target network
Sequential(
  (0): Linear(in_features=2, out_features=3, bias=True)
  (1): ReLU()
  (2): Linear(in_features=3, out_features=4, bias=True)
  (3): ReLU()
  (4): Linear(in_features=4, out_features=5, bias=True)
  (5): ReLU()
  (6): Linear(in_features=5, out_features=3, bias=True)
)
[2022-11-14 15:53:41,302][matplotlib.animation][WARNING] - MovieWriter ffmpeg unavailable; using Pillow instead.
[2022-11-14 15:53:41,303][matplotlib.animation][INFO] - Animation.save using <class 'matplotlib.animation.PillowWriter'>
[2022-11-14 15:54:24,693][numexpr.utils][INFO] - Note: NumExpr detected 12 cores but "NUMEXPR_MAX_THREADS" not set, so enforcing safe limit of 8.
[2022-11-14 15:54:24,694][numexpr.utils][INFO] - NumExpr defaulting to 8 threads.
[2022-11-14 15:54:24,703][matplotlib.legend][WARNING] - No handles with labels found to put in legend.
[2022-11-14 15:54:24,847][matplotlib.legend][WARNING] - No handles with labels found to put in legend.
[2022-11-14 15:54:24,929][util][INFO] - q value
[tensor([-0.1129, -0.4715, -0.1129, -0.1129, -0.3075, -0.1129, -0.1129, -0.1129,
        -0.1129, -0.3076, -0.4715, -0.4714, -0.4715, -0.1129, -0.1129, -0.1129,
        -0.1129, -0.1129, -0.1129, -0.1129, -0.4715, -0.1129, -0.1129, -0.1129,
        -0.4715, -0.1129, -0.1129, -0.1129, -0.3074, -0.1129, -0.4715, -0.1129,
        -0.3076, -0.4715, -0.3075, -0.1129, -0.4716, -0.4716, -0.3075, -0.4715,
        -0.3074, -0.1129, -0.3074, -0.1129, -0.1129, -0.3074, -0.1129, -0.4715,
        -0.1129, -0.1129], grad_fn=<IndexBackward0>), tensor([-0.0749, -0.0749, -0.0748, -0.0749, -0.2700, -0.0749, -0.0749, -0.0749,
        -0.0748, -0.0748, -0.0748, -0.0748, -0.0748, -0.0749, -0.4452, -0.0748,
        -0.4453, -0.2700, -0.0748, -0.0748, -0.0749, -0.2700, -0.2700, -0.0749,
        -0.0748, -0.0748, -0.0748, -0.2700, -0.4452, -0.0748, -0.0748, -0.0748,
        -0.0748, -0.4452, -0.0748, -0.4453, -0.0748, -0.0748, -0.4451, -0.4453,
        -0.0749, -0.0749, -0.4452, -0.4452, -0.2700, -0.0749, -0.0749, -0.0748,
        -0.0748, -0.0749], grad_fn=<IndexBackward0>), tensor([-0.2514, -0.0386, -0.0386, -0.0385, -0.0386, -0.0386, -0.0385, -0.0386,
        -0.2514, -0.0386, -0.0386, -0.0386, -0.0386, -0.0386, -0.0386, -0.4256,
        -0.0386, -0.0385, -0.0386, -0.0386, -0.0386, -0.0386, -0.0386, -0.4254,
        -0.0386, -0.0386, -0.0386, -0.0386, -0.0386, -0.0386, -0.0386, -0.0386,
        -0.0386, -0.0386, -0.2514, -0.0386, -0.0386, -0.0385, -0.4255, -0.0386,
        -0.2514, -0.2514, -0.0386, -0.0386, -0.4255, -0.0386, -0.0386, -0.0385,
        -0.0386, -0.0386], grad_fn=<IndexBackward0>), tensor([-3.8182e-04, -3.7112e-04, -3.7112e-04, -2.3554e-01, -3.6042e-04,
        -4.1237e-01, -3.8182e-04, -2.3553e-01, -3.9252e-04, -4.0323e-04,
        -3.8182e-04, -3.7112e-04, -3.7112e-04, -3.8182e-04, -3.8182e-04,
        -4.0323e-04, -3.8182e-04, -4.0323e-04, -4.0323e-04, -4.0323e-04,
        -3.9252e-04, -4.0323e-04, -4.0323e-04, -3.8182e-04, -3.6042e-04,
        -3.9252e-04, -3.7112e-04, -3.7112e-04, -4.1393e-04, -3.8182e-04,
        -2.3556e-01, -3.7112e-04, -3.9252e-04, -4.0323e-04, -3.8182e-04,
        -4.1237e-01, -4.0323e-04, -3.8182e-04, -3.9252e-04, -3.8182e-04,
        -3.9252e-04, -3.8182e-04, -3.8182e-04, -3.8182e-04, -4.0323e-04,
        -3.9252e-04, -2.3551e-01, -2.3554e-01, -3.8182e-04, -3.9252e-04],
       grad_fn=<IndexBackward0>), tensor([ 0.0421,  0.0421,  0.0421,  0.0421, -0.2190,  0.0421,  0.0421,  0.0421,
        -0.4060,  0.0421, -0.4059,  0.0421,  0.0421,  0.0421,  0.0421,  0.0421,
         0.0421,  0.0421, -0.2190,  0.0421,  0.0421,  0.0421,  0.0421,  0.0421,
        -0.2190,  0.0421,  0.0422,  0.0421,  0.0421,  0.0421,  0.0421,  0.0421,
         0.0421,  0.0421,  0.0421,  0.0421,  0.0421,  0.0421,  0.0421,  0.0421,
         0.0422, -0.4059,  0.0421,  0.0421,  0.0421,  0.0421, -0.2190, -0.4059,
         0.0421, -0.2190], grad_fn=<IndexBackward0>), tensor([ 0.0927,  0.0928,  0.0927, -0.4038,  0.0927,  0.0927,  0.0928,  0.0928,
         0.0927, -0.2015,  0.0927,  0.0927,  0.0928, -0.4037,  0.0927,  0.0927,
         0.0927,  0.0927,  0.0926,  0.0928,  0.0927, -0.4037,  0.0926,  0.0928,
         0.0927,  0.0928,  0.0927,  0.0927,  0.0929, -0.2017,  0.0929,  0.0927,
         0.0927,  0.0927,  0.0927,  0.0928, -0.2015,  0.0927,  0.0928,  0.0928,
        -0.2016,  0.0927,  0.0927,  0.0927,  0.0928,  0.0926, -0.2015,  0.0928,
         0.0927,  0.0927], grad_fn=<IndexBackward0>), tensor([ 0.1592,  0.1592,  0.1592,  0.1592,  0.1591,  0.1594, -0.1794,  0.1594,
         0.1591,  0.1591,  0.1591,  0.1592,  0.1591,  0.1591, -0.4095,  0.1592,
         0.1591, -0.1794,  0.1591,  0.1591,  0.1592,  0.1592,  0.1591,  0.1591,
         0.1593,  0.1591,  0.1592,  0.1592,  0.1591,  0.1591,  0.1591,  0.1591,
        -0.4091,  0.1591,  0.1591,  0.1591,  0.1591,  0.1591,  0.1591,  0.1592,
         0.1592,  0.1591,  0.1593,  0.1592,  0.1591,  0.1592,  0.1592,  0.1592,
         0.1592,  0.1591], grad_fn=<IndexBackward0>), tensor([ 0.2514, -0.1525, -0.1525,  0.2513,  0.2513,  0.2516, -0.1525,  0.2514,
         0.2515,  0.2514,  0.2513,  0.2517,  0.2513,  0.2515,  0.2517,  0.2514,
         0.2518,  0.2513,  0.2515,  0.2514,  0.2517,  0.2517,  0.2514,  0.2514,
         0.2515, -0.1525,  0.2512,  0.2514,  0.2514,  0.2514,  0.2514, -0.4184,
         0.2516, -0.1525,  0.2513, -0.1525,  0.2517,  0.2517, -0.4184,  0.2515,
        -0.4185,  0.2514,  0.2516, -0.4184, -0.1525,  0.2513,  0.2517,  0.2514,
         0.2514,  0.2514], grad_fn=<IndexBackward0>), tensor([-0.1098,  0.3782,  0.3785, -0.4280,  0.3788,  0.3780,  0.3779,  0.3785,
         0.3785,  0.3782,  0.3782,  0.3785,  0.3782,  0.3782,  0.3782,  0.3784,
         0.3781,  0.3785,  0.3786,  0.3779,  0.3782,  0.3781,  0.3781,  0.3786,
        -0.4281,  0.3782,  0.3784,  0.3780,  0.3782,  0.3786,  0.3782,  0.3782,
         0.3785,  0.3786,  0.3782,  0.3784,  0.3782, -0.4276,  0.3779,  0.3784,
         0.3782,  0.3782, -0.1096,  0.3782,  0.3784,  0.3782,  0.3782,  0.3785,
         0.3786,  0.3782], grad_fn=<IndexBackward0>), tensor([ 0.5470,  0.5470,  0.5466,  0.5466,  0.5466,  0.5466,  0.5470,  0.5465,
        -0.0433,  0.5461,  0.5465,  0.5466,  0.5463,  0.5466,  0.5475,  0.5463,
         0.5463,  0.5465,  0.5465,  0.5466,  0.5472,  0.5470,  0.5465,  0.5466,
         0.5466,  0.5465,  0.5465,  0.5466,  0.5466,  0.5466,  0.5466, -0.4287,
         0.5463,  0.5468,  0.5475,  0.5466,  0.5466,  0.5466,  0.5472,  0.5468,
         0.5466,  0.5466,  0.5466,  0.5470, -0.4285,  0.5465,  0.5463,  0.5473,
         0.5470,  0.5465], grad_fn=<IndexBackward0>), tensor([ 0.7639,  0.7644,  0.7639,  0.7642,  0.7629,  0.7632,  0.7642,  0.7639,
         0.7637,  0.7644,  0.7644,  0.7642,  0.7634,  0.7642,  0.7644,  0.7637,
         0.7639,  0.7642,  0.7637,  0.7632,  0.7629,  0.7634,  0.7642,  0.7642,
         0.7639,  0.7639,  0.7637,  0.7642,  0.7634,  0.0500,  0.7637,  0.7637,
         0.7639,  0.7637,  0.7637,  0.7637,  0.7637,  0.7639, -0.4114,  0.7637,
        -0.4110,  0.7637,  0.7637,  0.7634,  0.7654,  0.7644,  0.7644,  0.7644,
         0.7637,  0.7637], grad_fn=<IndexBackward0>), tensor([ 1.0371,  1.0357,  1.0381,  1.0361,  1.0357,  1.0364,  1.0367,  1.0364,
        -0.3663,  1.0364,  1.0367,  1.0354,  1.0367,  1.0361,  1.0364,  1.0371,
         1.0357,  1.0364,  1.0371,  1.0367,  1.0357, -0.3665,  1.0357,  1.0364,
         1.0357,  1.0367,  1.0364,  1.0371,  1.0371,  1.0357,  1.0364,  1.0367,
         1.0364, -0.3662,  1.0361,  1.0357,  1.0367,  1.0354,  0.1732,  1.0364,
         1.0357,  1.0351,  1.0367,  1.0364,  1.0374,  1.0364, -0.3663,  1.0361,
         1.0354,  1.0357], grad_fn=<IndexBackward0>), tensor([ 1.3695,  1.3712,  1.3704,  1.3704,  1.3712,  1.3699,  1.3730, -0.2915,
         1.3708,  1.3695,  1.3691,  1.3712,  1.3717,  1.3695,  1.3699,  1.3721,
         1.3730,  1.3704,  0.3420,  1.3699,  1.3699,  1.3704,  1.3704,  1.3699,
         1.3712,  1.3695,  1.3704,  1.3708,  1.3712,  1.3708,  1.3699,  0.3418,
         1.3704,  1.3704,  1.3695, -0.2914,  1.3704,  1.3704,  1.3704,  1.3704,
         1.3712,  1.3704,  1.3695,  1.3699,  1.3717,  1.3699,  1.3704,  1.3699,
         1.3695,  1.3712], grad_fn=<IndexBackward0>), tensor([ 1.7750,  1.7744,  1.7739, -0.1874,  1.7761,  1.7733,  1.7744,  1.7750,
         1.7750,  1.7777,  1.7750,  1.7761,  1.7744,  1.7755,  1.7739,  1.7739,
         1.7733,  1.7755,  1.7744,  1.7744,  1.7733,  1.7733,  0.5550,  1.7766,
         1.7739,  1.7750,  1.7766,  1.7761,  1.7744,  1.7744,  1.7755,  1.7755,
         1.7750,  1.7750,  1.7733,  1.7750,  1.7744,  1.7739,  1.7739,  1.7772,
         1.7750,  1.7744,  1.7739,  1.7739,  1.7733,  1.7750,  1.7750,  1.7750,
         1.7755,  1.7744], grad_fn=<IndexBackward0>), tensor([ 2.2536,  2.2584,  2.2577,  0.8236,  2.2591,  0.8227,  2.2550,  2.2563,
         2.2550,  2.2550,  2.2550,  2.2543,  2.2536,  2.2536, -0.0458,  2.2550,
         2.2543,  2.2550,  2.2543,  2.2550,  2.2550,  2.2550,  2.2536,  2.2563,
         2.2584,  0.8214,  2.2543,  2.2536,  2.2591,  2.2557,  2.2536,  2.2550,
         2.2550,  2.2550,  0.8221,  2.2543,  2.2543,  2.2550,  2.2591,  2.2550,
         2.2543,  2.2543,  2.2584,  2.2543,  2.2563,  2.2584,  2.2550,  2.2529,
         2.2536,  2.2577], grad_fn=<IndexBackward0>), tensor([2.8148, 2.8164, 2.8164, 2.8173, 2.8164, 2.8156, 2.8189, 2.8164, 2.8164,
        2.8181, 2.8181, 2.8173, 2.8148, 2.8164, 2.8164, 2.8189, 2.8139, 2.8181,
        2.8164, 2.8148, 2.8198, 2.8164, 2.8214, 2.8156, 2.8189, 2.8164, 2.8156,
        1.1473, 2.8173, 1.1469, 2.8173, 2.8173, 2.8173, 2.8173, 2.8164, 2.8164,
        2.8173, 2.8189, 2.8156, 2.8148, 2.8156, 2.8148, 0.1407, 2.8164, 2.8156,
        2.8173, 2.8156, 2.8198, 2.8173, 2.8164], grad_fn=<IndexBackward0>), tensor([3.4681, 3.4681, 3.4691, 3.4681, 3.4671, 1.5378, 3.4671, 3.4691, 3.4721,
        3.4701, 3.4751, 3.4671, 3.4681, 3.4721, 3.4691, 3.4711, 3.4691, 3.4681,
        3.4691, 3.4681, 3.4681, 3.4691, 3.4681, 3.4701, 3.4661, 3.4661, 3.4661,
        1.5338, 3.4691, 3.4701, 3.4681, 3.4681, 1.5373, 3.4691, 3.4671, 3.4691,
        3.4671, 3.4701, 3.4681, 3.4651, 3.4681, 3.4641, 3.4711, 3.4661, 0.3653,
        3.4671, 3.4691, 1.5358, 3.4691, 3.4681], grad_fn=<IndexBackward0>), tensor([4.2065, 4.2077, 4.2065, 4.2100, 4.2100, 4.2089, 4.2077, 4.2077, 0.6652,
        4.2053, 4.2053, 4.2100, 4.2124, 2.0070, 4.2053, 4.2065, 4.2089, 4.2077,
        4.2053, 4.2053, 4.2112, 4.2124, 4.2065, 4.2077, 4.2077, 4.2077, 4.2041,
        4.2100, 4.2077, 4.2041, 4.2065, 4.2136, 4.2077, 4.2124, 4.2100, 4.2053,
        4.2089, 4.2100, 2.0083, 4.2077, 4.2065, 2.0076, 4.2065, 0.6670, 2.0101,
        4.2077, 4.2065, 4.2100, 4.2077, 4.2089], grad_fn=<IndexBackward0>), tensor([5.0542, 5.0625, 5.0597, 5.0639, 5.0542, 5.0570, 2.5277, 2.5269, 5.0556,
        5.0515, 5.0556, 5.0528, 5.0515, 1.0121, 5.0542, 5.0570, 1.0111, 5.0515,
        5.0597, 5.0542, 5.0542, 5.0556, 5.0556, 5.0542, 5.0528, 5.0542, 5.0542,
        5.0542, 5.0528, 5.0556, 2.5329, 5.0597, 1.0135, 5.0570, 5.0542, 5.0515,
        5.0556, 5.0584, 5.0556, 5.0542, 5.0542, 5.0556, 5.0584, 5.0556, 5.0611,
        5.0542, 5.0515, 5.0487, 5.0570, 1.0114], grad_fn=<IndexBackward0>), tensor([6.0029, 6.0157, 6.0061, 6.0077, 6.0013, 6.0109, 6.0045, 6.0045, 6.0109,
        6.0029, 6.0045, 6.0045, 6.0029, 3.1316, 6.0125, 6.0029, 6.0045, 6.0029,
        6.0093, 6.0045, 6.0093, 6.0061, 6.0045, 6.0109, 6.0029, 6.0061, 6.0029,
        6.0045, 6.0093, 6.0093, 6.0093, 6.0093, 6.0029, 6.0077, 6.0077, 6.0061,
        6.0077, 6.0061, 6.0125, 6.0077, 6.0045, 6.0061, 6.0013, 6.0077, 6.0061,
        6.0077, 6.0045, 6.0061, 6.0061, 6.0109], grad_fn=<IndexBackward0>), tensor([7.0730, 7.0730, 7.0657, 7.0675, 7.0749, 7.0767, 7.0620, 3.8166, 7.0639,
        7.0657, 7.0749, 7.0730, 7.0749, 7.0712, 7.0694, 7.0694, 3.8176, 1.9240,
        7.0675, 7.0639, 7.0620, 3.8187, 7.0675, 7.0675, 7.0675, 7.0657, 7.0639,
        7.0712, 7.0657, 7.0694, 7.0657, 1.9229, 7.0657, 7.0712, 7.0657, 7.0675,
        7.0657, 7.0712, 7.0694, 7.0712, 1.9252, 7.0712, 7.0639, 7.0694, 3.8166,
        7.0675, 7.0675, 3.8166, 7.0675, 7.0675], grad_fn=<IndexBackward0>), tensor([8.2617, 4.5561, 8.2617, 8.2638, 8.2658, 8.2596, 8.2638, 4.5513, 2.4465,
        8.2700, 8.2617, 8.2596, 8.2575, 8.2658, 8.2617, 8.2596, 8.2679, 8.2617,
        8.2596, 8.2617, 8.2638, 8.2617, 8.2658, 2.4424, 8.2638, 4.5549, 8.2638,
        8.2617, 8.2575, 8.2617, 8.2638, 8.2617, 8.2721, 8.2617, 4.5549, 8.2700,
        8.2638, 8.2679, 8.2575, 8.2617, 8.2617, 8.2554, 8.2638, 8.2617, 8.2658,
        8.2638, 8.2617, 8.2679, 8.2575, 8.2575], grad_fn=<IndexBackward0>), tensor([3.0582, 9.5722, 9.5722, 9.5722, 9.5722, 9.5769, 9.5746, 9.5746, 9.5722,
        9.5769, 3.0566, 9.5722, 9.5722, 9.5699, 9.5699, 9.5722, 9.5722, 9.5746,
        9.5722, 9.5675, 9.5675, 9.5699, 3.0557, 9.5722, 9.5746, 9.5746, 9.5699,
        9.5699, 9.5769, 9.5769, 9.5817, 9.5675, 9.5699, 9.5746, 3.0566, 5.4145,
        9.5722, 9.5722, 9.5746, 9.5675, 5.4200, 9.5722, 9.5746, 3.0557, 9.5722,
        9.5722, 9.5722, 9.5817, 9.5675, 9.5722], grad_fn=<IndexBackward0>), tensor([11.0107, 11.0107, 11.0055,  6.3653, 11.0107,  6.3621, 11.0134,  3.7795,
         6.3684, 11.0055, 11.0055, 11.0081, 11.0107, 11.0055, 11.0107, 11.0134,
        11.0107,  3.7804,  3.7843, 11.0187, 11.0107, 11.0107, 11.0134,  6.3637,
         3.7843, 11.0107, 11.0055, 11.0055,  3.7814, 11.0081, 11.0107, 11.0107,
        11.0134, 11.0055, 11.0081,  3.7833, 11.0107, 11.0107, 11.0134, 11.0160,
        11.0213, 11.0107,  3.7765, 11.0107, 11.0055, 11.0081, 11.0134, 11.0134,
        11.0187, 11.0107], grad_fn=<IndexBackward0>), tensor([12.5915, 12.5826, 12.5856, 12.5944, 12.5885, 12.5885,  7.4116, 12.5856,
        12.5885, 12.5915, 12.5885, 12.5944, 12.5856,  7.4080, 12.5856, 12.5856,
        12.5885, 12.5915, 12.5915, 12.5915, 12.5885, 12.5856, 12.5885, 12.5885,
        12.5885, 12.5885, 12.5826, 12.5885,  4.5679, 12.5885, 12.5944,  4.5690,
        12.5915, 12.5915, 12.6062, 12.5885, 12.5826, 12.5885, 12.5856, 12.5885,
        12.5856, 12.5915, 12.5885, 12.5826, 12.5885, 12.5885, 12.6033,  4.5690,
        12.5885, 12.5885], grad_fn=<IndexBackward0>), tensor([14.2973, 14.3039, 14.3006, 14.3006, 14.3006, 14.2973, 14.2941, 14.2941,
        14.3039, 14.3104, 14.3039, 14.3104, 14.3039, 14.3137, 14.3137, 14.3006,
        14.2973,  8.5605, 14.3006, 14.3039, 14.3006, 14.3039, 14.3072, 14.3170,
        14.3006, 14.3006, 14.2941, 14.3006, 14.3104, 14.2941, 14.3006, 14.2973,
        14.3006, 14.3039, 14.3039, 14.3006, 14.3006, 14.2973, 14.3006, 14.2941,
        14.3006, 14.3006, 14.2973, 14.3104, 14.2973, 14.3072, 14.3006, 14.3006,
        14.3039, 14.3006], grad_fn=<IndexBackward0>), tensor([16.1754, 16.1646,  9.8267, 16.1827, 16.1610,  6.4650, 16.1682, 16.1646,
        16.1682, 16.1718, 16.1646,  9.8267, 16.1791, 16.1682, 16.1718, 16.1646,
        16.1791, 16.1646, 16.1718, 16.1718, 16.1718, 16.1791, 16.1718, 16.1718,
        16.1646, 16.1718, 16.1718, 16.1682,  9.8334, 16.1610, 16.1718, 16.1646,
        16.1718, 16.1718, 16.1791, 16.1791, 16.1718, 16.1827, 16.1863, 16.1646,
        16.1718,  9.8357, 16.1682, 16.1646, 16.1718,  9.8379, 16.1682, 16.1682,
        16.1682, 16.1682], grad_fn=<IndexBackward0>), tensor([18.1906, 18.2025, 18.1906, 11.2040, 18.1906, 18.1826, 18.2025, 18.2025,
         7.5735, 18.1946, 18.1946, 18.1826, 18.2065, 18.1946, 18.1946, 18.1946,
        18.1866, 18.1866, 18.1906, 18.1866, 18.1866, 18.1906, 18.1826, 18.1866,
        18.1747, 18.1826, 18.1826, 18.2025, 18.1946, 18.1906, 18.1866, 18.1826,
        18.1985, 11.1941,  7.5855, 18.1946, 18.2025, 18.1946, 18.1946, 18.1299,
        18.1906, 18.1906, 11.1990, 18.1906, 18.1906, 18.1787, 18.1826, 11.1916,
        18.1906, 18.2025], grad_fn=<IndexBackward0>), tensor([20.3818,  8.7499, 20.3644, 20.3601, 20.3731, 20.3731, 20.3644, 20.3861,
        20.3731, 12.6998, 20.3644, 20.3818, 20.3731, 20.3731, 20.3644, 20.3861,
        20.3688, 20.3688, 20.3688,  8.7538, 20.3688, 20.3731, 20.3818, 20.3774,
        20.3731, 20.3731, 20.3688, 20.3774, 12.7109, 20.3774, 20.3731, 20.3774,
        20.3644, 12.6860, 20.3688, 20.3731, 20.3774, 20.3688, 20.3644, 20.3688,
        20.3731, 20.3644, 20.3731, 20.3557, 20.3861, 20.3774, 20.3644, 20.3731,
        20.3774, 20.3774], grad_fn=<IndexBackward0>), tensor([22.7134, 10.0798, 22.7134, 22.7087, 22.7134, 22.7419, 22.7039, 22.7134,
        22.7087, 22.7229, 22.7087, 22.7134, 22.7087, 22.7181, 22.7039, 22.7229,
        22.7039, 22.7134, 22.7181, 22.7181, 22.7134, 22.7134, 22.7181, 22.7181,
        22.7229, 22.7087, 22.7134, 22.7134, 22.7181, 22.7134, 22.7276, 22.7229,
        22.7181, 22.7229, 22.7134, 14.3415, 14.3354, 22.7134, 22.7087, 22.7087,
        22.7276, 22.7134, 14.3446, 22.7229, 10.0646, 22.7134, 22.7134, 22.7181,
        22.6944, 22.7087], grad_fn=<IndexBackward0>), tensor([25.2436, 25.2385, 25.2385, 25.2591, 25.2436, 25.2436, 25.2436, 25.2488,
        25.2436, 25.2230, 25.2436, 25.2488, 25.2281, 25.2436, 25.2591, 25.2385,
        25.2385, 25.2539, 25.2488, 25.2436, 25.2333, 25.2488, 25.2281, 25.2436,
        25.2539, 25.2385, 25.2591, 25.2488, 25.2436, 25.2385, 25.2281, 25.2436,
        25.2436, 25.2694, 11.4269, 25.2230, 25.2591, 11.4341, 25.2539, 25.2488,
        25.2333, 25.2488, 25.2333, 25.2436, 16.0465, 25.2436, 25.2488, 25.2385,
        25.2643, 25.2436], grad_fn=<IndexBackward0>), tensor([27.9380, 27.9324, 27.9492, 27.9548, 27.9548, 27.9492, 27.9436, 27.9548,
        27.9436, 27.9604, 27.9436, 27.9604, 27.9492, 27.9268, 27.9604, 27.9436,
        17.8694, 27.9548, 27.9492, 17.8549, 27.9548, 27.9548, 17.8621, 27.9492,
        27.9492, 27.9436, 12.9233, 27.9436, 12.9180, 27.9380, 27.9548, 27.9548,
        27.9492, 27.9436, 27.9436, 27.9492, 17.8694, 27.9492, 27.9380, 27.9492,
        27.9772, 27.9604, 27.9492, 27.9492, 27.9660, 27.9548, 27.9436, 27.9436,
        27.9604, 12.9233], grad_fn=<IndexBackward0>), tensor([30.8076, 30.8257, 30.7955, 30.8136, 30.7955, 30.8378, 30.8136, 30.7955,
        30.8016, 30.7955, 30.8076, 30.8197, 30.8136, 30.8076, 30.8076, 30.8016,
        30.8197, 30.8076, 30.8076, 30.8076, 30.8076, 30.8016, 30.8257, 30.8076,
        14.4997, 30.8136, 30.8076, 30.8136, 30.8016, 30.8076, 30.8076, 30.8197,
        30.8257, 30.8076, 30.8076, 14.5084, 30.7895, 30.7895, 30.8076, 30.8136,
        30.8136, 30.8076, 30.8439, 14.5200, 30.8016, 19.9096, 30.8016, 30.8257,
        30.7955, 30.8197], grad_fn=<IndexBackward0>), tensor([33.6882, 33.6946, 33.6752, 33.5848, 33.7011, 33.6946, 33.7011, 33.6882,
        33.6882, 16.1212, 33.7011, 33.6882, 33.6946, 33.6946, 33.7141, 33.7076,
        33.6882, 33.6946, 33.7011, 33.6882, 33.6752, 16.1149, 33.6752, 33.6882,
        33.7011, 33.6817, 33.6946, 33.6946, 33.7011, 33.6752, 33.7011, 33.6882,
        33.7011, 33.6946, 33.6946, 33.6946, 33.6946, 33.6817, 33.6752, 33.6946,
        33.6882, 33.6946, 33.6817, 16.1180, 33.6946, 33.6752, 33.6946, 33.6946,
        33.7141, 33.6946], grad_fn=<IndexBackward0>), tensor([36.4739, 36.4463, 36.4670, 36.4532, 36.4670, 36.4601, 36.4739, 36.4739,
        36.4601, 17.9460, 36.4947, 36.4809, 36.4601, 36.4809, 36.4532, 36.4947,
        36.4463, 36.4809, 36.4739, 36.4463, 36.4601, 36.4601, 36.4670, 36.4532,
        36.4601, 36.4670, 36.4809, 36.4601, 17.9253, 36.4739, 36.4739, 36.4670,
        36.4670, 36.4670, 36.4670, 36.4739, 36.4739, 36.4809, 36.4670, 36.4601,
        36.4670, 36.4670, 36.4532, 36.4809, 36.4739, 36.4670, 36.4878, 36.4947,
        36.4463, 36.4532], grad_fn=<IndexBackward0>), tensor([39.0664, 26.1162, 39.0664, 39.0883, 39.0810, 39.0737, 39.0737, 39.0810,
        39.0591, 39.0956, 19.6700, 39.0883, 39.0591, 39.0810, 39.0737, 39.0810,
        39.0810, 39.0664, 39.0664, 39.0664, 39.0664, 39.0664, 39.0664, 39.0664,
        39.0737, 39.1102, 39.0737, 39.0664, 39.0810, 39.0737, 39.1029, 39.1029,
        39.0737, 39.0737, 26.1261, 39.0737, 39.0664, 39.0810, 39.0664, 39.1029,
        39.0737, 39.0737, 39.0664, 39.0737, 39.0810, 39.0737, 19.6849, 39.0591,
        39.0737, 39.0664], grad_fn=<IndexBackward0>), tensor([41.4771, 41.4694, 41.3430, 41.5001, 41.4771, 41.4694, 41.4694, 41.4694,
        41.4465, 41.4771, 41.4694, 41.4924, 21.3919, 41.4924, 41.4847, 41.4771,
        41.4771, 41.4541, 41.4771, 41.5001, 41.4694, 41.4847, 41.4618, 41.4847,
        41.4694, 41.4847, 41.4771, 41.4771, 41.4771, 28.1216, 41.4847, 41.4847,
        41.5001, 41.4924, 41.5001, 41.4847, 41.4771, 41.4847, 41.4694, 41.4847,
        41.4771, 41.5001, 41.5001, 28.1164, 41.5154, 41.4771, 41.4847, 41.4694,
        41.4694, 41.4618], grad_fn=<IndexBackward0>), tensor([43.6860, 43.6621, 43.6701, 43.6701, 43.6621, 43.6621, 43.6621, 43.6940,
        43.6701, 43.6621, 30.0570, 43.6541, 43.6462, 43.6701, 43.6462, 43.6541,
        43.6462, 43.6541, 43.6781, 43.6541, 43.6621, 22.9760, 22.9717, 43.6541,
        43.6860, 43.6541, 43.6382, 43.6541, 43.6701, 43.6621, 43.6701, 43.6541,
        43.6860, 43.6701, 43.6940, 43.6462, 43.6621, 43.6621, 43.6701, 43.6701,
        43.6621, 43.6621, 43.6701, 43.6701, 43.6541, 43.6701, 43.6541, 43.6860,
        43.6621, 43.6701], grad_fn=<IndexBackward0>), tensor([45.6281, 45.4893, 31.8929, 45.6363, 45.6446, 45.6446, 45.6281, 45.6281,
        45.6446, 31.8754, 45.6446, 31.8696, 45.6446, 45.6363, 45.6198, 45.6281,
        24.5782, 45.6363, 45.6446, 45.6528, 45.6446, 45.4893, 45.6363, 45.6363,
        45.6446, 45.6363, 45.6528, 45.6281, 45.6363, 45.6363, 45.6363, 45.6281,
        45.6363, 45.6363, 24.5692, 31.8754, 45.6611, 45.6281, 31.8812, 45.6363,
        45.6281, 45.6198, 45.6198, 31.8754, 45.6363, 24.5602, 45.6858, 45.6281,
        45.6198, 31.8580], grad_fn=<IndexBackward0>), tensor([47.4205, 47.3950, 47.4035, 47.4035, 47.4120, 47.4120, 47.4120, 47.4035,
        47.4120, 47.4035, 47.4120, 47.4290, 47.4035, 33.6427, 47.4120, 47.4205,
        47.4035, 47.4290, 47.4120, 26.1490, 47.4205, 47.4120, 47.3950, 47.4120,
        47.4035, 47.4035, 47.4120, 47.4205, 47.4120, 47.4035, 47.4290, 47.4205,
        47.4035, 47.4120, 47.4035, 47.4035, 47.4205, 47.4120, 47.3950, 47.3950,
        47.4035, 47.3950, 26.1206, 47.4205, 47.4120, 47.4120, 47.4290, 47.4205,
        47.3950, 33.6366], grad_fn=<IndexBackward0>), tensor([49.0288, 48.9939, 49.0113, 48.9939, 48.9764, 49.0113, 27.6130, 49.0026,
        49.0113, 48.9939, 49.0201, 49.0113, 48.9764, 49.0026, 49.0026, 49.0026,
        49.0113, 49.0026, 49.0026, 48.9939, 49.0026, 49.0026, 48.9939, 49.0026,
        48.9852, 49.0201, 35.3586, 49.0026, 48.9764, 49.0113, 49.0026, 48.9764,
        48.9939, 49.0113, 48.9677, 49.0026, 48.9852, 48.9852, 48.9939, 49.0026,
        48.9939, 35.3332, 49.0201, 48.9852, 49.0026, 49.0113, 49.0026, 49.0026,
        49.0113, 49.0026], grad_fn=<IndexBackward0>), tensor([50.4611, 50.4343, 50.4165, 50.4254, 29.0597, 50.4254, 50.4165, 50.4522,
        50.4432, 50.4075, 50.4254, 50.3986, 50.4254, 50.4165, 50.4165, 50.4075,
        29.0701, 50.4254, 50.4343, 50.4522, 50.4343, 50.4254, 50.4254, 50.4254,
        50.4343, 50.4254, 50.4165, 50.4254, 50.4254, 50.4254, 50.4075, 50.4611,
        50.4254, 50.4432, 50.4254, 50.4789, 50.4254, 50.4343, 50.4254, 50.4343,
        50.4432, 50.4254, 50.4254, 50.4254, 50.3986, 50.4432, 50.4343, 50.4165,
        50.4254, 50.4343], grad_fn=<IndexBackward0>), tensor([51.6963, 51.7054, 51.7237, 51.6872, 51.7328, 51.6963, 51.6690, 51.7054,
        51.6963, 51.7146, 51.7146, 51.6963, 51.6963, 51.7054, 30.5983, 51.6781,
        51.7054, 51.6872, 51.6963, 51.7054, 51.7237, 51.7146, 51.7419, 51.6872,
        51.7237, 51.6963, 51.7419, 51.7054, 51.7054, 51.6872, 30.6091, 30.6472,
        51.6963, 51.7054, 51.6963, 51.7054, 51.7328, 51.7054, 51.7054, 51.7054,
        51.7237, 51.7054, 51.7328, 51.7328, 30.6091, 51.6963, 51.6963, 51.6963,
        51.7146, 30.6146], grad_fn=<IndexBackward0>), tensor([52.8798, 52.8427, 52.8520, 52.8520, 52.8520, 52.8705, 39.8640, 52.8520,
        52.8520, 52.8520, 52.8427, 52.8520, 52.9076, 52.8520, 52.8520, 52.8520,
        52.8613, 52.8520, 52.8520, 52.8520, 52.8613, 52.8520, 52.8427, 52.8613,
        52.8520, 39.8289, 52.8613, 52.8520, 52.8242, 52.8427, 52.8520, 32.0156,
        52.8520, 52.8427, 52.8427, 52.8335, 52.8427, 52.8613, 52.8427, 52.8613,
        52.8798, 31.9817, 52.8242, 52.8427, 39.8148, 52.8149, 52.8427, 52.8520,
        52.8520, 52.8520], grad_fn=<IndexBackward0>), tensor([53.8757, 53.8851, 53.8945, 33.2742, 53.8663, 53.9133, 53.8851, 53.8945,
        53.8663, 41.2803, 53.8757, 53.8851, 53.8475, 53.8945, 53.8757, 53.9039,
        53.8851, 53.8851, 53.8757, 53.8663, 53.8851, 53.9039, 53.8945, 53.8851,
        53.8663, 53.8757, 53.9227, 53.8945, 41.2730, 53.8569, 53.8851, 33.2742,
        53.8757, 53.8945, 53.9039, 53.8945, 53.8663, 53.8851, 53.8851, 53.8851,
        53.8757, 41.2730, 53.8851, 53.8851, 53.8757, 53.8757, 41.2513, 53.8475,
        53.8851, 53.9039], grad_fn=<IndexBackward0>), tensor([54.8015, 54.7919, 54.8110, 54.8206, 54.8492, 54.7919, 54.8015, 54.7824,
        54.7919, 54.8110, 54.8110, 54.8206, 54.8301, 54.8015, 54.8492, 54.8110,
        34.5314, 54.8110, 54.8110, 42.5686, 54.8110, 54.8301, 54.8206, 54.8110,
        54.8396, 54.8015, 54.8206, 54.7824, 54.8110, 54.8206, 54.8301, 54.7919,
        54.7919, 54.8301, 54.8206, 54.8396, 54.7824, 54.8110, 54.8206, 54.8206,
        54.8206, 54.8206, 54.7919, 54.8015, 54.8301, 54.8110, 54.8110, 54.8015,
        54.8110, 54.8015], grad_fn=<IndexBackward0>), tensor([55.6370, 55.6177, 55.6273, 55.6370, 55.6370, 55.6177, 55.6853, 55.6563,
        55.6563, 55.6273, 55.6370, 55.6370, 55.6467, 55.6660, 55.6080, 55.6273,
        55.6467, 55.6467, 55.6370, 55.6467, 55.6467, 55.6370, 55.6273, 55.6370,
        55.6467, 55.6370, 55.6370, 55.6467, 55.6177, 55.6370, 55.6467, 55.6660,
        55.6467, 55.6467, 55.6756, 55.6563, 55.6273, 55.6370, 55.6756, 55.6467,
        43.9478, 55.6467, 55.6563, 55.6853, 55.6756, 55.6370, 55.6370, 55.6370,
        55.6467, 55.6756], grad_fn=<IndexBackward0>), tensor([56.3941, 56.4038, 45.1769, 56.3941, 56.4038, 56.4428, 56.4038, 56.4233,
        56.3941, 56.3843, 56.3843, 56.3941, 56.4038, 56.3843, 56.3843, 56.3745,
        56.3941, 56.3941, 56.3745, 56.3745, 56.4136, 56.3843, 45.2005, 56.3941,
        56.4038, 56.4038, 56.3941, 56.4233, 56.4136, 56.3941, 56.3843, 56.3745,
        56.3941, 36.9721, 56.3941, 56.4233, 56.4038, 56.4136, 56.3843, 36.9592,
        56.3745, 56.3941, 56.3941, 56.3941, 45.1926, 56.3941, 56.3745, 56.3941,
        56.3843, 56.4136], grad_fn=<IndexBackward0>), tensor([57.0787, 57.0984, 57.0885, 57.0688, 57.0491, 57.0688, 57.1279, 57.0590,
        57.0688, 57.0688, 57.0688, 57.0590, 38.2470, 57.0688, 38.2072, 57.0491,
        57.0688, 57.0688, 57.0688, 57.0590, 57.0688, 57.0688, 57.0688, 57.0688,
        57.0688, 57.0393, 57.0787, 57.0787, 57.0688, 57.0984, 57.0590, 57.1279,
        57.0984, 57.0590, 57.0688, 57.0688, 57.0885, 56.8865, 57.0688, 57.0590,
        57.0688, 57.0688, 57.0590, 57.0590, 38.2072, 57.0885, 57.0393, 57.0885,
        57.0590, 57.0590], grad_fn=<IndexBackward0>), tensor([57.6629, 39.4574, 57.7125, 57.7622, 57.7125, 57.6827, 57.6728, 57.6827,
        57.6728, 57.6529, 57.6629, 57.6827, 57.6827, 57.6430, 57.6827, 57.6827,
        57.6430, 57.6827, 57.6728, 57.6728, 57.6827, 57.6529, 57.6827, 57.7026,
        57.6827, 57.6728, 57.6827, 57.6529, 57.7125, 57.6827, 57.6529, 57.6927,
        57.6827, 57.6827, 57.6827, 57.6529, 57.6728, 57.6529, 57.6728, 57.6827,
        57.6827, 57.6927, 57.6827, 57.7225, 57.6728, 57.6629, 57.6629, 57.6728,
        57.6728, 57.7026], grad_fn=<IndexBackward0>), tensor([58.2356, 58.2256, 58.2556, 58.2356, 58.2356, 58.2256, 58.2356, 58.2556,
        58.2757, 58.2556, 58.2456, 58.2356, 58.2556, 58.2256, 58.2256, 58.2256,
        58.2456, 58.2456, 58.1956, 49.0800, 58.2056, 58.2156, 58.2156, 58.2256,
        58.2356, 58.2156, 58.2456, 58.2056, 40.6789, 58.2156, 58.2256, 58.2556,
        58.2356, 58.2256, 49.0970, 58.2356, 58.2256, 58.2156, 58.2256, 58.2456,
        58.2957, 58.2456, 58.2556, 58.2356, 58.2356, 58.2256, 58.2356, 58.2757,
        58.2256, 58.2657], grad_fn=<IndexBackward0>), tensor([58.7098, 58.7199, 58.7401, 58.7300, 58.7098, 58.7501, 58.7098, 58.7300,
        58.7401, 58.7401, 58.7300, 58.7199, 58.7401, 58.7199, 58.7199, 58.7300,
        58.7300, 58.7300, 58.7300, 58.7300, 58.6997, 58.7401, 58.7300, 58.7300,
        58.7501, 58.7501, 58.7501, 58.7199, 58.7300, 58.7401, 58.7300, 58.7098,
        58.7905, 58.7199, 58.7300, 58.7300, 58.7199, 58.7199, 58.7401, 58.7501,
        58.7300, 58.7300, 58.7199, 58.6997, 58.7300, 58.6896, 58.7501, 58.7501,
        58.7199, 58.7401], grad_fn=<IndexBackward0>), tensor([59.2231, 59.1723, 59.1723, 59.1825, 59.1825, 59.1622, 59.1723, 51.4399,
        59.1825, 59.2028, 59.1926, 59.1723, 59.1825, 42.9888, 59.1622, 59.1825,
        51.4488, 59.1521, 59.1825, 59.1723, 43.0110, 59.1825, 59.1825, 59.2129,
        59.2028, 59.1926, 59.1926, 59.1521, 59.1926, 59.1723, 59.1723, 59.1825,
        51.4665, 59.1825, 59.1825, 59.1723, 59.1723, 51.4222, 59.1723, 43.0184,
        43.0110, 59.1622, 59.2028, 59.2028, 59.1622, 59.1723, 59.1521, 59.1825,
        59.1825, 59.1825], grad_fn=<IndexBackward0>), tensor([59.5628, 59.5934, 59.5730, 59.5526, 59.5730, 59.5730, 59.5832, 52.5029,
        59.5628, 44.2312, 59.5934, 59.5424, 59.6240, 59.5832, 59.5832, 59.5730,
        59.5934, 59.6036, 59.5832, 59.5730, 44.2235, 59.5424, 59.5730, 59.5832,
        59.5832, 59.5934, 59.6138, 59.5730, 59.5730, 59.5934, 59.5832, 59.5730,
        59.5730, 59.5832, 59.5832, 52.5029, 59.5730, 59.5832, 59.6036, 59.5730,
        44.2312, 59.5934, 59.6138, 59.5628, 59.5832, 59.5832, 59.5730, 59.5832,
        59.5934, 59.5628], grad_fn=<IndexBackward0>), tensor([59.9453, 59.9351, 59.9966, 45.3919, 59.9351, 59.9556, 59.9146, 59.9248,
        53.6729, 59.9453, 59.9658, 59.9658, 59.9351, 59.9351, 59.9556, 59.9453,
        59.9453, 59.9658, 59.9658, 59.9453, 59.9453, 59.9248, 59.9453, 59.9351,
        45.3919, 59.9146, 59.9556, 59.9658, 59.9966, 59.9453, 59.9351, 59.9556,
        59.9658, 59.9556, 59.9556, 59.9556, 59.9556, 59.9556, 59.9556, 59.9556,
        59.9453, 59.9658, 59.9248, 59.9556, 59.9658, 59.9453, 59.9453, 53.6822,
        45.3763, 53.6729], grad_fn=<IndexBackward0>), tensor([60.2769, 60.3078, 60.2769, 60.2872, 60.2872, 60.3284, 60.2872, 60.3078,
        60.3078, 46.5362, 60.2769, 60.2872, 60.3181, 60.2769, 60.2872, 60.2769,
        60.2872, 60.2872, 54.7761, 60.3078, 60.3078, 46.5442, 60.2666, 60.2563,
        60.3078, 60.2872, 46.5282, 60.2769, 60.2872, 60.2872, 60.3181, 60.2872,
        54.7667, 60.2975, 46.5601, 60.3078, 60.2872, 60.2872, 60.2666, 60.2666,
        60.2872, 54.8137, 60.2769, 60.2872, 60.2975, 60.2769, 60.2769, 60.2872,
        60.2872, 60.2975], grad_fn=<IndexBackward0>), tensor([60.5992, 60.5785, 60.5785, 60.5785, 60.5578, 60.5578, 60.5785, 60.5785,
        55.9170, 60.5785, 60.5682, 60.5785, 60.5682, 60.5889, 60.5682, 60.5682,
        60.6095, 60.5889, 60.5682, 60.5889, 60.5889, 60.5682, 60.5889, 60.5889,
        60.6095, 60.6095, 60.6095, 60.5785, 60.5785, 60.5682, 60.5682, 60.5682,
        60.5475, 60.6302, 60.5785, 60.5682, 60.5682, 60.5992, 47.6093, 60.5682,
        60.5785, 60.5682, 60.5682, 60.6095, 60.5682, 55.9362, 60.5785, 60.5682,
        60.5682, 60.5785], grad_fn=<IndexBackward0>), tensor([60.8421, 60.8317, 60.8421, 60.8525, 60.8214, 60.8421, 60.8421, 60.8006,
        56.9983, 60.8317, 60.8317, 60.8732, 60.8525, 60.8836, 57.0666, 60.8421,
        60.8317, 60.8214, 60.8421, 60.8836, 60.8317, 60.8214, 60.8317, 60.8317,
        60.8421, 60.8317, 60.8525, 60.8317, 60.8317, 60.8421, 60.8525, 56.9886,
        60.8421, 60.8317, 60.8110, 60.8836, 60.8629, 60.8317, 60.9044, 60.8214,
        60.8525, 60.8421, 60.8421, 60.8317, 60.8421, 60.8421, 60.8317, 60.8525,
        60.8421, 60.8214], grad_fn=<IndexBackward0>), tensor([61.0990, 61.0470, 61.0678, 61.0782, 61.0678, 61.0678, 61.0886, 61.0678,
        61.1094, 61.0574, 61.0678, 61.0574, 60.8833, 61.0886, 61.0678, 61.0782,
        61.0782, 61.0886, 61.0782, 61.0782, 61.1198, 61.0990, 61.0886, 61.0886,
        61.0886, 61.1511, 61.0678, 61.0886, 49.7473, 61.0782, 61.0574, 49.7728,
        61.1302, 61.0886, 61.0678, 61.0782, 61.0678, 61.0782, 61.0678, 61.0782,
        61.0886, 61.0782, 61.0470, 61.0886, 61.0782, 61.0782, 61.0678, 61.0678,
        61.0678, 61.0782], grad_fn=<IndexBackward0>), tensor([61.2890, 61.2890, 61.2785, 61.3099, 61.3203, 61.2994, 61.2994, 50.8568,
        61.2994, 61.2890, 61.2785, 61.2994, 61.2994, 61.2890, 61.3203, 61.3203,
        61.2994, 61.3099, 61.2994, 61.2994, 61.2890, 61.2681, 61.2994, 61.3099,
        61.2785, 61.2785, 61.2994, 61.2890, 61.3725, 61.2890, 61.2681, 61.2994,
        61.2994, 61.2994, 61.2890, 61.3099, 61.2785, 61.2890, 61.2890, 61.2994,
        61.3203, 61.2994, 61.2994, 61.2681, 61.2681, 61.2994, 61.2994, 61.2890,
        61.2994, 61.3099], grad_fn=<IndexBackward0>), tensor([61.5004, 61.5004, 61.5214, 61.5423, 61.4690, 61.4899, 61.5004, 61.5109,
        61.4795, 61.5004, 61.5004, 61.5109, 61.4690, 61.4795, 61.5109, 60.6128,
        61.4795, 61.4899, 61.4585, 61.5214, 61.5004, 61.4899, 61.4899, 61.5109,
        61.4899, 61.4795, 61.5004, 61.5109, 61.4899, 52.0259, 52.0259, 61.4899,
        61.4690, 61.5004, 61.5004, 61.5004, 61.5109, 61.5004, 61.4795, 61.5004,
        61.3041, 61.5004, 61.4899, 61.5004, 52.0259, 61.5528, 61.5004, 61.4795,
        61.4795, 61.5004], grad_fn=<IndexBackward0>), tensor([61.6652, 61.6442, 61.6547, 61.6337, 61.6442, 61.6442, 61.6547, 61.6547,
        61.6547, 61.6757, 61.6547, 61.6547, 61.6652, 61.6232, 61.6442, 61.6547,
        61.6442, 61.6442, 61.6547, 61.6757, 61.6547, 61.6337, 61.6442, 61.6442,
        61.6127, 61.6232, 52.9843, 61.6232, 61.6442, 61.6652, 61.6862, 61.6547,
        61.6757, 61.6547, 61.6547, 61.6442, 52.9843, 61.6547, 61.6442, 61.6442,
        61.6442, 61.6442, 61.6442, 61.6442, 61.6127, 61.6547, 61.6547, 61.6232,
        61.6442, 61.6547], grad_fn=<IndexBackward0>), tensor([61.7921, 61.7605, 61.7816, 61.7816, 61.8236, 61.7921, 61.8131, 61.7816,
        54.0337, 61.7816, 61.7921, 61.7711, 61.7921, 61.7816, 61.7711, 61.7921,
        54.0613, 61.7921, 61.7921, 61.7921, 61.7921, 61.8131, 61.8026, 61.8026,
        61.7711, 61.7921, 61.7921, 61.7921, 61.7816, 61.8026, 61.8026, 61.8131,
        61.7921, 61.7921, 61.7921, 61.7605, 61.7921, 61.7921, 61.7816, 61.7605,
        61.8026, 61.8026, 61.7921, 61.8026, 61.7605, 61.7921, 54.0613, 61.5948,
        61.8131, 61.7816], grad_fn=<IndexBackward0>), tensor([61.8911, 61.9121, 61.9227, 61.9016, 61.9121, 61.9227, 61.9121, 55.0411,
        61.9121, 61.9016, 61.9438, 61.9227, 61.9016, 61.9121, 61.9121, 61.9016,
        61.9332, 61.9121, 61.9121, 61.9121, 61.9121, 61.9121, 61.9227, 61.9121,
        61.8911, 61.9121, 61.8911, 62.0767, 61.9016, 61.9121, 61.9438, 61.9227,
        61.9227, 61.9121, 61.9121, 61.9121, 61.9543, 61.9332, 61.9016, 61.9121,
        61.9016, 61.9227, 61.9016, 61.9121, 61.9016, 61.9121, 61.9121, 61.9227,
        61.9121, 61.9227], grad_fn=<IndexBackward0>), tensor([62.1467, 62.1255, 62.1149, 62.1149, 62.1255, 62.1255, 62.0936, 62.1361,
        62.1042, 62.1149, 62.1149, 62.1042, 62.1574, 62.1255, 62.0830, 62.1255,
        62.1149, 62.1255, 62.1255, 62.1680, 62.1255, 62.3587, 62.1361, 62.1255,
        62.1149, 56.0622, 62.1467, 62.1255, 62.4015, 62.1361, 62.1149, 62.1255,
        62.1042, 62.1042, 62.1255, 62.1149, 62.1255, 62.1255, 62.1149, 62.1255,
        62.1042, 62.0830, 63.2462, 62.1361, 62.1680, 62.1149, 62.1255, 62.1149,
        62.1361, 62.1255], grad_fn=<IndexBackward0>), tensor([62.4493, 62.4171, 62.4386, 62.4708, 62.4601, 62.4386, 62.4171, 62.4171,
        62.4278, 62.4171, 62.4278, 62.4601, 62.4386, 62.4278, 62.4278, 57.1907,
        62.4278, 62.4386, 62.4171, 62.4171, 57.1907, 62.4064, 62.7282, 62.4171,
        62.4386, 62.4278, 62.4278, 62.4278, 57.1808, 62.4064, 62.4278, 62.3956,
        62.4278, 62.4064, 62.4601, 62.4171, 62.4386, 62.4064, 62.4064, 62.4278,
        62.4278, 62.4278, 62.4278, 62.4171, 62.4708, 63.3014, 62.4278, 63.2690,
        62.4386, 62.4278], grad_fn=<IndexBackward0>), tensor([62.7271, 63.1050, 62.7380, 62.7380, 62.7489, 62.7271, 62.7489, 62.7597,
        63.0940, 63.4229, 62.7489, 62.7597, 62.7489, 63.1050, 63.2036, 62.7271,
        63.6203, 62.7380, 62.7380, 63.0831, 62.7380, 62.7380, 62.7489, 63.0721,
        62.7380, 62.7815, 62.7924, 62.7271, 58.3140, 62.7380, 62.7597, 62.7597,
        62.7489, 62.7597, 62.7271, 62.7489, 62.7706, 62.7489, 62.7489, 62.7489,
        62.7380, 62.7271, 62.7597, 58.2938, 62.7597, 62.7924, 62.7489, 58.2938,
        63.1269, 62.7380], grad_fn=<IndexBackward0>), tensor([63.1121, 63.1011, 64.0040, 63.0901, 64.0595, 63.1011, 63.0901, 63.0680,
        63.1341, 59.5225, 63.0901, 63.1011, 63.1011, 63.1121, 63.0790, 63.0680,
        63.1011, 63.1341, 63.1011, 63.0680, 63.0901, 63.1121, 63.1011, 63.1341,
        63.6262, 63.1341, 63.1011, 63.1121, 63.1011, 63.1011, 63.0570, 63.1011,
        63.1011, 63.0790, 63.1011, 63.0790, 63.0901, 63.1011, 63.1011, 59.5329,
        63.1121, 63.1121, 63.1341, 63.0680, 63.0901, 63.1231, 63.1011, 63.0901,
        63.0790, 63.1011], grad_fn=<IndexBackward0>), tensor([nan, nan, nan, nan, nan, nan, nan, nan, nan, nan, nan, nan, nan, nan, nan, nan, nan, nan, nan, nan, nan, nan, nan, nan,
        nan, nan, nan, nan, nan, nan, nan, nan, nan, nan, nan, nan, nan, nan, nan, nan, nan, nan, nan, nan, nan, nan, nan, nan,
        nan, nan], grad_fn=<IndexBackward0>), tensor([nan, nan, nan, nan, nan, nan, nan, nan, nan, nan, nan, nan, nan, nan, nan, nan, nan, nan, nan, nan, nan, nan, nan, nan,
        nan, nan, nan, nan, nan, nan, nan, nan, nan, nan, nan, nan, nan, nan, nan, nan, nan, nan, nan, nan, nan, nan, nan, nan,
        nan, nan], grad_fn=<IndexBackward0>), tensor([nan, nan, nan, nan, nan, nan, nan, nan, nan, nan, nan, nan, nan, nan, nan, nan, nan, nan, nan, nan, nan, nan, nan, nan,
        nan, nan, nan, nan, nan, nan, nan, nan, nan, nan, nan, nan, nan, nan, nan, nan, nan, nan, nan, nan, nan, nan, nan, nan,
        nan, nan], grad_fn=<IndexBackward0>), tensor([nan, nan, nan, nan, nan, nan, nan, nan, nan, nan, nan, nan, nan, nan, nan, nan, nan, nan, nan, nan, nan, nan, nan, nan,
        nan, nan, nan, nan, nan, nan, nan, nan, nan, nan, nan, nan, nan, nan, nan, nan, nan, nan, nan, nan, nan, nan, nan, nan,
        nan, nan], grad_fn=<IndexBackward0>), tensor([nan, nan, nan, nan, nan, nan, nan, nan, nan, nan, nan, nan, nan, nan, nan, nan, nan, nan, nan, nan, nan, nan, nan, nan,
        nan, nan, nan, nan, nan, nan, nan, nan, nan, nan, nan, nan, nan, nan, nan, nan, nan, nan, nan, nan, nan, nan, nan, nan,
        nan, nan], grad_fn=<IndexBackward0>), tensor([nan, nan, nan, nan, nan, nan, nan, nan, nan, nan, nan, nan, nan, nan, nan, nan, nan, nan, nan, nan, nan, nan, nan, nan,
        nan, nan, nan, nan, nan, nan, nan, nan, nan, nan, nan, nan, nan, nan, nan, nan, nan, nan, nan, nan, nan, nan, nan, nan,
        nan, nan], grad_fn=<IndexBackward0>), tensor([nan, nan, nan, nan, nan, nan, nan, nan, nan, nan, nan, nan, nan, nan, nan, nan, nan, nan, nan, nan, nan, nan, nan, nan,
        nan, nan, nan, nan, nan, nan, nan, nan, nan, nan, nan, nan, nan, nan, nan, nan, nan, nan, nan, nan, nan, nan, nan, nan,
        nan, nan], grad_fn=<IndexBackward0>), tensor([nan, nan, nan, nan, nan, nan, nan, nan, nan, nan, nan, nan, nan, nan, nan, nan, nan, nan, nan, nan, nan, nan, nan, nan,
        nan, nan, nan, nan, nan, nan, nan, nan, nan, nan, nan, nan, nan, nan, nan, nan, nan, nan, nan, nan, nan, nan, nan, nan,
        nan, nan], grad_fn=<IndexBackward0>), tensor([nan, nan, nan, nan, nan, nan, nan, nan, nan, nan, nan, nan, nan, nan, nan, nan, nan, nan, nan, nan, nan, nan, nan, nan,
        nan, nan, nan, nan, nan, nan, nan, nan, nan, nan, nan, nan, nan, nan, nan, nan, nan, nan, nan, nan, nan, nan, nan, nan,
        nan, nan], grad_fn=<IndexBackward0>), tensor([nan, nan, nan, nan, nan, nan, nan, nan, nan, nan, nan, nan, nan, nan, nan, nan, nan, nan, nan, nan, nan, nan, nan, nan,
        nan, nan, nan, nan, nan, nan, nan, nan, nan, nan, nan, nan, nan, nan, nan, nan, nan, nan, nan, nan, nan, nan, nan, nan,
        nan, nan], grad_fn=<IndexBackward0>), tensor([nan, nan, nan, nan, nan, nan, nan, nan, nan, nan, nan, nan, nan, nan, nan, nan, nan, nan, nan, nan, nan, nan, nan, nan,
        nan, nan, nan, nan, nan, nan, nan, nan, nan, nan, nan, nan, nan, nan, nan, nan, nan, nan, nan, nan, nan, nan, nan, nan,
        nan, nan], grad_fn=<IndexBackward0>), tensor([nan, nan, nan, nan, nan, nan, nan, nan, nan, nan, nan, nan, nan, nan, nan, nan, nan, nan, nan, nan, nan, nan, nan, nan,
        nan, nan, nan, nan, nan, nan, nan, nan, nan, nan, nan, nan, nan, nan, nan, nan, nan, nan, nan, nan, nan, nan, nan, nan,
        nan, nan], grad_fn=<IndexBackward0>), tensor([nan, nan, nan, nan, nan, nan, nan, nan, nan, nan, nan, nan, nan, nan, nan, nan, nan, nan, nan, nan, nan, nan, nan, nan,
        nan, nan, nan, nan, nan, nan, nan, nan, nan, nan, nan, nan, nan, nan, nan, nan, nan, nan, nan, nan, nan, nan, nan, nan,
        nan, nan], grad_fn=<IndexBackward0>), tensor([nan, nan, nan, nan, nan, nan, nan, nan, nan, nan, nan, nan, nan, nan, nan, nan, nan, nan, nan, nan, nan, nan, nan, nan,
        nan, nan, nan, nan, nan, nan, nan, nan, nan, nan, nan, nan, nan, nan, nan, nan, nan, nan, nan, nan, nan, nan, nan, nan,
        nan, nan], grad_fn=<IndexBackward0>), tensor([nan, nan, nan, nan, nan, nan, nan, nan, nan, nan, nan, nan, nan, nan, nan, nan, nan, nan, nan, nan, nan, nan, nan, nan,
        nan, nan, nan, nan, nan, nan, nan, nan, nan, nan, nan, nan, nan, nan, nan, nan, nan, nan, nan, nan, nan, nan, nan, nan,
        nan, nan], grad_fn=<IndexBackward0>), tensor([nan, nan, nan, nan, nan, nan, nan, nan, nan, nan, nan, nan, nan, nan, nan, nan, nan, nan, nan, nan, nan, nan, nan, nan,
        nan, nan, nan, nan, nan, nan, nan, nan, nan, nan, nan, nan, nan, nan, nan, nan, nan, nan, nan, nan, nan, nan, nan, nan,
        nan, nan], grad_fn=<IndexBackward0>), tensor([nan, nan, nan, nan, nan, nan, nan, nan, nan, nan, nan, nan, nan, nan, nan, nan, nan, nan, nan, nan, nan, nan, nan, nan,
        nan, nan, nan, nan, nan, nan, nan, nan, nan, nan, nan, nan, nan, nan, nan, nan, nan, nan, nan, nan, nan, nan, nan, nan,
        nan, nan], grad_fn=<IndexBackward0>), tensor([nan, nan, nan, nan, nan, nan, nan, nan, nan, nan, nan, nan, nan, nan, nan, nan, nan, nan, nan, nan, nan, nan, nan, nan,
        nan, nan, nan, nan, nan, nan, nan, nan, nan, nan, nan, nan, nan, nan, nan, nan, nan, nan, nan, nan, nan, nan, nan, nan,
        nan, nan], grad_fn=<IndexBackward0>), tensor([nan, nan, nan, nan, nan, nan, nan, nan, nan, nan, nan, nan, nan, nan, nan, nan, nan, nan, nan, nan, nan, nan, nan, nan,
        nan, nan, nan, nan, nan, nan, nan, nan, nan, nan, nan, nan, nan, nan, nan, nan, nan, nan, nan, nan, nan, nan, nan, nan,
        nan, nan], grad_fn=<IndexBackward0>), tensor([nan, nan, nan, nan, nan, nan, nan, nan, nan, nan, nan, nan, nan, nan, nan, nan, nan, nan, nan, nan, nan, nan, nan, nan,
        nan, nan, nan, nan, nan, nan, nan, nan, nan, nan, nan, nan, nan, nan, nan, nan, nan, nan, nan, nan, nan, nan, nan, nan,
        nan, nan], grad_fn=<IndexBackward0>), tensor([nan, nan, nan, nan, nan, nan, nan, nan, nan, nan, nan, nan, nan, nan, nan, nan, nan, nan, nan, nan, nan, nan, nan, nan,
        nan, nan, nan, nan, nan, nan, nan, nan, nan, nan, nan, nan, nan, nan, nan, nan, nan, nan, nan, nan, nan, nan, nan, nan,
        nan, nan], grad_fn=<IndexBackward0>), tensor([nan, nan, nan, nan, nan, nan, nan, nan, nan, nan, nan, nan, nan, nan, nan, nan, nan, nan, nan, nan, nan, nan, nan, nan,
        nan, nan, nan, nan, nan, nan, nan, nan, nan, nan, nan, nan, nan, nan, nan, nan, nan, nan, nan, nan, nan, nan, nan, nan,
        nan, nan], grad_fn=<IndexBackward0>), tensor([nan, nan, nan, nan, nan, nan, nan, nan, nan, nan, nan, nan, nan, nan, nan, nan, nan, nan, nan, nan, nan, nan, nan, nan,
        nan, nan, nan, nan, nan, nan, nan, nan, nan, nan, nan, nan, nan, nan, nan, nan, nan, nan, nan, nan, nan, nan, nan, nan,
        nan, nan], grad_fn=<IndexBackward0>), tensor([nan, nan, nan, nan, nan, nan, nan, nan, nan, nan, nan, nan, nan, nan, nan, nan, nan, nan, nan, nan, nan, nan, nan, nan,
        nan, nan, nan, nan, nan, nan, nan, nan, nan, nan, nan, nan, nan, nan, nan, nan, nan, nan, nan, nan, nan, nan, nan, nan,
        nan, nan], grad_fn=<IndexBackward0>), tensor([nan, nan, nan, nan, nan, nan, nan, nan, nan, nan, nan, nan, nan, nan, nan, nan, nan, nan, nan, nan, nan, nan, nan, nan,
        nan, nan, nan, nan, nan, nan, nan, nan, nan, nan, nan, nan, nan, nan, nan, nan, nan, nan, nan, nan, nan, nan, nan, nan,
        nan, nan], grad_fn=<IndexBackward0>), tensor([nan, nan, nan, nan, nan, nan, nan, nan, nan, nan, nan, nan, nan, nan, nan, nan, nan, nan, nan, nan, nan, nan, nan, nan,
        nan, nan, nan, nan, nan, nan, nan, nan, nan, nan, nan, nan, nan, nan, nan, nan, nan, nan, nan, nan, nan, nan, nan, nan,
        nan, nan], grad_fn=<IndexBackward0>), tensor([nan, nan, nan, nan, nan, nan, nan, nan, nan, nan, nan, nan, nan, nan, nan, nan, nan, nan, nan, nan, nan, nan, nan, nan,
        nan, nan, nan, nan, nan, nan, nan, nan, nan, nan, nan, nan, nan, nan, nan, nan, nan, nan, nan, nan, nan, nan, nan, nan,
        nan, nan], grad_fn=<IndexBackward0>), tensor([nan, nan, nan, nan, nan, nan, nan, nan, nan, nan, nan, nan, nan, nan, nan, nan, nan, nan, nan, nan, nan, nan, nan, nan,
        nan, nan, nan, nan, nan, nan, nan, nan, nan, nan, nan, nan, nan, nan, nan, nan, nan, nan, nan, nan, nan, nan, nan, nan,
        nan, nan], grad_fn=<IndexBackward0>), tensor([nan, nan, nan, nan, nan, nan, nan, nan, nan, nan, nan, nan, nan, nan, nan, nan, nan, nan, nan, nan, nan, nan, nan, nan,
        nan, nan, nan, nan, nan, nan, nan, nan, nan, nan, nan, nan, nan, nan, nan, nan, nan, nan, nan, nan, nan, nan, nan, nan,
        nan, nan], grad_fn=<IndexBackward0>), tensor([nan, nan, nan, nan, nan, nan, nan, nan, nan, nan, nan, nan, nan, nan, nan, nan, nan, nan, nan, nan, nan, nan, nan, nan,
        nan, nan, nan, nan, nan, nan, nan, nan, nan, nan, nan, nan, nan, nan, nan, nan, nan, nan, nan, nan, nan, nan, nan, nan,
        nan, nan], grad_fn=<IndexBackward0>), tensor([nan, nan, nan, nan, nan, nan, nan, nan, nan, nan, nan, nan, nan, nan, nan, nan, nan, nan, nan, nan, nan, nan, nan, nan,
        nan, nan, nan, nan, nan, nan, nan, nan, nan, nan, nan, nan, nan, nan, nan, nan, nan, nan, nan, nan, nan, nan, nan, nan,
        nan, nan], grad_fn=<IndexBackward0>), tensor([nan, nan, nan, nan, nan, nan, nan, nan, nan, nan, nan, nan, nan, nan, nan, nan, nan, nan, nan, nan, nan, nan, nan, nan,
        nan, nan, nan, nan, nan, nan, nan, nan, nan, nan, nan, nan, nan, nan, nan, nan, nan, nan, nan, nan, nan, nan, nan, nan,
        nan, nan], grad_fn=<IndexBackward0>)]
[2022-11-14 15:54:25,072][util][INFO] - td error
[tensor([6.0761, 6.1712, 6.0761, 6.1402, 6.2607, 6.1402, 6.0761, 6.3446, 6.1712,
        6.2893, 6.1084, 6.0431, 6.1402, 6.0761, 6.1712, 6.1712, 6.0761, 6.0761,
        6.1402, 6.0761, 6.1712, 6.0431, 6.1712, 6.0761, 6.2017, 6.0761, 6.0761,
        6.1402, 6.1712, 6.1712, 6.2315, 6.1402, 6.2893, 6.2017, 6.2017, 6.0761,
        6.3173, 6.2893, 6.2315, 6.1402, 6.1402, 6.0761, 6.1712, 6.3446, 6.1402,
        6.1402, 6.3713, 6.1402, 6.3713, 6.1402]), tensor([6.1179, 6.1179, 6.2435, 6.1503, 6.1820, 6.1503, 6.1179, 6.1179, 6.1820,
        6.1820, 6.2435, 6.1820, 6.4132, 6.0849, 6.1820, 6.1820, 6.3312, 6.2734,
        6.1820, 6.1820, 6.1179, 6.2131, 6.3026, 6.1503, 6.1820, 6.2131, 6.1820,
        6.2435, 6.2131, 6.3865, 6.1820, 6.1820, 6.1820, 6.2435, 6.1820, 6.2734,
        6.1820, 6.1820, 6.1179, 6.3312, 6.1179, 6.1179, 6.2435, 6.2435, 6.3026,
        6.1179, 6.1179, 6.2131, 6.3592, 6.1179]), tensor([6.4474, 6.2161, 6.2472, 6.4474, 6.1520, 6.2161, 6.2777, 6.1844, 6.2472,
        6.1520, 6.1520, 6.2472, 6.2161, 6.2472, 6.1191, 6.3654, 6.1520, 6.3654,
        6.2161, 6.1844, 6.1844, 6.2161, 6.2472, 6.1520, 6.1844, 6.1520, 6.2472,
        6.2472, 6.1520, 6.1191, 6.1844, 6.2161, 6.1520, 6.1520, 6.2472, 6.1844,
        6.1191, 6.4474, 6.2472, 6.1844, 6.3368, 6.2161, 6.1520, 6.2472, 6.3368,
        6.1191, 6.1191, 6.3654, 6.2161, 6.1844]), tensor([6.2488, 6.2799, 6.2799, 6.3403, 6.3104, 6.2171, 6.2488, 6.2799, 6.2171,
        6.1847, 6.2488, 6.2799, 6.2799, 6.2488, 6.2488, 6.1847, 6.2488, 6.1847,
        6.1847, 6.1847, 6.2171, 6.1847, 6.1847, 6.2488, 6.3104, 6.2171, 6.2799,
        6.2799, 6.1517, 6.2488, 6.4260, 6.2799, 6.2171, 6.1847, 6.2488, 6.2171,
        6.1847, 6.2488, 6.2171, 6.2488, 6.2171, 6.2488, 6.2488, 6.2488, 6.1847,
        6.2171, 6.1847, 6.3403, 6.2488, 6.2171]), tensor([6.2191, 6.2832, 6.3143, 6.2832, 6.3448, 6.2515, 6.2515, 6.2515, 6.4039,
        6.3143, 6.2832, 6.2191, 6.3143, 6.3448, 6.2832, 6.2515, 6.2191, 6.3448,
        6.2191, 6.2832, 6.2832, 6.2832, 6.2515, 6.2191, 6.3143, 6.2832, 6.4325,
        6.2832, 6.2832, 6.2515, 6.2515, 6.3448, 6.2515, 6.3448, 6.2191, 6.3448,
        6.3448, 6.2832, 6.3448, 6.3143, 6.4604, 6.2515, 6.2515, 6.2515, 6.3448,
        6.2191, 6.2832, 6.3143, 6.3143, 6.2191]), tensor([6.3215, 6.4130, 6.3215, 6.4988, 6.3215, 6.3215, 6.4708, 6.3831, 6.3215,
        6.3215, 6.3526, 6.3526, 6.3831, 6.4130, 6.3215, 6.3526, 6.2574, 6.3215,
        6.2244, 6.4708, 6.2898, 6.4422, 6.2244, 6.4708, 6.3526, 6.3831, 6.2898,
        6.3215, 6.5261, 6.5261, 6.5528, 6.2574, 6.3215, 6.3215, 6.3526, 6.3831,
        6.3831, 6.3215, 6.4130, 6.4708, 6.4708, 6.2574, 6.3215, 6.2898, 6.3831,
        6.2244, 6.4130, 6.3831, 6.3526, 6.3215]), tensor([6.3983, 6.4288, 6.3983, 6.3983, 6.3672, 6.5165, 6.3030, 6.5165, 6.3672,
        6.3354, 6.3354, 6.4288, 6.3354, 6.3030, 6.5445, 6.3983, 6.3672, 6.4288,
        6.3672, 6.3672, 6.4288, 6.4288, 6.3030, 6.3672, 6.4879, 6.3672, 6.4288,
        6.3983, 6.3672, 6.3354, 6.3672, 6.3672, 6.2700, 6.3672, 6.3672, 6.3672,
        6.3672, 6.3672, 6.3030, 6.4288, 6.3983, 6.3030, 6.4586, 6.4288, 6.3354,
        6.3983, 6.4288, 6.4288, 6.3983, 6.3672]), tensor([6.4271, 6.4271, 6.5186, 6.3629, 6.3629, 6.4888, 6.4888, 6.3953, 6.4582,
        6.3953, 6.3629, 6.5186, 6.3629, 6.4582, 6.5186, 6.4271, 6.5765, 6.3629,
        6.4582, 6.4271, 6.5186, 6.5186, 6.4271, 6.4271, 6.4582, 6.4582, 6.3299,
        6.3953, 6.4271, 6.4271, 6.4271, 6.4582, 6.4888, 6.5765, 6.3629, 6.5186,
        6.5186, 6.5186, 6.4582, 6.4582, 6.5479, 6.3953, 6.4888, 6.4888, 6.4582,
        6.3629, 6.5479, 6.4271, 6.4271, 6.4271]), tensor([6.4787, 6.5105, 6.5722, 6.6600, 6.6600, 6.4462, 6.4132, 6.5722, 6.5722,
        6.5105, 6.5105, 6.5722, 6.5105, 6.5105, 6.5105, 6.5416, 6.4787, 6.5722,
        6.6021, 6.4132, 6.5105, 6.4787, 6.4787, 6.6021, 6.6881, 6.5105, 6.5416,
        6.4462, 6.5105, 6.6021, 6.5105, 6.5105, 6.5722, 6.6021, 6.5105, 6.5416,
        6.5105, 6.4787, 6.4132, 6.5416, 6.5105, 6.5105, 6.7422, 6.5105, 6.5416,
        6.5105, 6.5105, 6.5722, 6.6021, 6.5105]), tensor([6.6867, 6.6867, 6.6249, 6.6249, 6.6249, 6.6249, 6.6867, 6.5931, 6.6867,
        6.5275, 6.5931, 6.6249, 6.5606, 6.6249, 6.7747, 6.5606, 6.5606, 6.5931,
        6.5931, 6.6249, 6.7167, 6.6867, 6.5931, 6.6249, 6.6249, 6.5931, 6.5931,
        6.6249, 6.6249, 6.6249, 6.6249, 6.6561, 6.5606, 6.6561, 6.7747, 6.6249,
        6.6249, 6.6249, 6.7167, 6.6561, 6.6249, 6.6249, 6.6249, 6.6867, 6.5606,
        6.5931, 6.5606, 6.7460, 6.6867, 6.5931]), tensor([6.8082, 6.8688, 6.8082, 6.8388, 6.6794, 6.7125, 6.8388, 6.8082, 6.7769,
        6.8688, 6.8688, 6.8388, 6.7450, 6.8388, 6.8688, 6.7769, 6.8082, 6.8388,
        6.7769, 6.7125, 6.6794, 6.7450, 6.8388, 6.8388, 6.8082, 6.8082, 6.7769,
        6.8388, 6.7450, 6.8982, 6.7769, 6.7769, 6.8082, 6.7769, 6.7769, 6.7769,
        6.7769, 6.8082, 6.9269, 6.7769, 6.7450, 6.7769, 6.7769, 6.7450, 6.9825,
        6.8688, 6.8688, 6.8688, 6.7769, 6.7769]), tensor([7.0347, 6.9082, 7.1230, 6.9408, 6.9082, 6.9727, 7.0040, 6.9727, 6.9727,
        6.9727, 7.0040, 6.8750, 7.0040, 6.9408, 6.9727, 7.0347, 6.9082, 6.9727,
        7.0347, 7.0040, 6.9082, 7.0942, 6.9082, 6.9727, 6.9082, 7.0040, 6.9727,
        7.0347, 7.0347, 6.9082, 6.9727, 7.0040, 6.9727, 6.9082, 6.9408, 6.9082,
        7.0040, 6.8750, 7.0347, 6.9727, 6.9082, 6.8411, 7.0040, 6.9727, 7.0648,
        6.9727, 6.9408, 6.9408, 6.8750, 6.9082]), tensor([7.1540, 7.2809, 7.2187, 7.2187, 7.2809, 7.1867, 7.3977, 7.3110, 7.2501,
        7.1540, 7.1207, 7.2809, 7.3110, 7.1540, 7.1867, 7.3406, 7.3977, 7.2187,
        7.2809, 7.1867, 7.1867, 7.2187, 7.2187, 7.1867, 7.2809, 7.1540, 7.2187,
        7.2501, 7.2809, 7.2501, 7.1867, 7.2501, 7.2187, 7.2187, 7.1540, 7.1540,
        7.2187, 7.2187, 7.2187, 7.2187, 7.2809, 7.2187, 7.1540, 7.1867, 7.3110,
        7.1867, 7.2187, 7.1867, 7.1540, 7.2809]), tensor([7.5199, 7.4878, 7.4550, 7.4216, 7.5823, 7.4216, 7.4878, 7.5199, 7.5199,
        7.6711, 7.5199, 7.5823, 7.4878, 7.5514, 7.4550, 7.4550, 7.4216, 7.5514,
        7.4878, 7.4878, 7.4216, 7.4216, 7.5514, 7.6125, 7.4550, 7.5199, 7.6125,
        7.5823, 7.4878, 7.4878, 7.5514, 7.5514, 7.5199, 7.5199, 7.4216, 7.5199,
        7.4878, 7.4550, 7.4550, 7.6421, 7.5199, 7.4878, 7.4550, 7.4550, 7.4216,
        7.5199, 7.5199, 7.5199, 7.5514, 7.4878]), tensor([7.8196, 8.0364, 8.0073, 8.0927, 8.0649, 8.0073, 7.8847, 7.9473, 7.8847,
        7.8847, 7.8847, 7.8525, 7.8196, 7.8196, 7.9163, 7.8847, 7.8525, 7.8847,
        7.8525, 7.8847, 7.8847, 7.8847, 7.8196, 7.9473, 8.0364, 7.8847, 7.8525,
        7.8196, 8.0649, 7.9163, 7.8196, 7.8847, 7.8847, 7.8847, 7.9473, 7.8525,
        7.8525, 7.8847, 8.0649, 7.8847, 7.8525, 7.8525, 8.0364, 7.8525, 7.9473,
        8.0364, 7.8847, 7.7861, 7.8196, 8.0073]), tensor([8.2520, 8.3173, 8.3173, 8.3491, 8.3173, 8.2850, 8.4106, 8.3173, 8.3173,
        8.3801, 8.3801, 8.3491, 8.2520, 8.3173, 8.3173, 8.4106, 8.2184, 8.3801,
        8.3173, 8.2520, 8.4404, 8.3173, 8.4982, 8.2850, 8.4106, 8.3173, 8.2850,
        8.3801, 8.3491, 8.3491, 8.3491, 8.3491, 8.3491, 8.3491, 8.3173, 8.3173,
        8.3491, 8.4106, 8.2850, 8.2520, 8.2850, 8.2520, 8.4106, 8.3173, 8.2850,
        8.3491, 8.2850, 8.4404, 8.3491, 8.3173]), tensor([8.8235, 8.8235, 8.8554, 8.8235, 8.7910, 9.0608, 8.7910, 8.8554, 8.9472,
        8.8866, 9.0333, 8.7910, 8.8235, 8.9472, 8.8554, 8.9172, 8.8554, 8.8235,
        8.8554, 8.8235, 8.8235, 8.8554, 8.8235, 8.8866, 8.7579, 8.7579, 8.7579,
        8.8235, 8.8554, 8.8866, 8.8235, 8.8235, 9.0333, 8.8554, 8.7910, 8.8554,
        8.7910, 8.8866, 8.8235, 8.7242, 8.8235, 8.6898, 8.9172, 8.7579, 8.9172,
        8.7910, 8.8554, 8.9472, 8.8554, 8.8235]), tensor([9.3782, 9.4108, 9.3782, 9.4742, 9.4742, 9.4428, 9.4108, 9.4108, 9.3110,
        9.3449, 9.3449, 9.4742, 9.5350, 9.4108, 9.3449, 9.3782, 9.4428, 9.4108,
        9.3449, 9.3449, 9.5049, 9.5350, 9.3782, 9.4108, 9.4108, 9.4108, 9.3110,
        9.4742, 9.4108, 9.3110, 9.3782, 9.5645, 9.4108, 9.5350, 9.4742, 9.3449,
        9.4428, 9.4742, 9.4742, 9.4108, 9.3782, 9.4428, 9.3782, 9.5350, 9.5645,
        9.4108, 9.3782, 9.4742, 9.4108, 9.4428]), tensor([10.0772, 10.2607, 10.2021, 10.2891, 10.0772, 10.1409, 10.0444, 10.0109,
        10.1093, 10.0109, 10.1093, 10.0444, 10.0109, 10.1093, 10.0772, 10.1409,
        10.0109, 10.0109, 10.2021, 10.0772, 10.0772, 10.1093, 10.1093, 10.0772,
        10.0444, 10.0772, 10.0772, 10.0772, 10.0444, 10.1093, 10.2607, 10.2021,
        10.2317, 10.1409, 10.0772, 10.0109, 10.1093, 10.1718, 10.1093, 10.0772,
        10.0772, 10.1093, 10.1718, 10.1093, 10.2317, 10.0772, 10.0109,  9.9422,
        10.1409, 10.0444]), tensor([10.7734, 11.0246, 10.8400, 10.8723, 10.7392, 10.9351, 10.8070, 10.8070,
        10.9351, 10.7734, 10.8070, 10.8070, 10.7734, 10.9351, 10.9656, 10.7734,
        10.8070, 10.7734, 10.9040, 10.8070, 10.9040, 10.8400, 10.8070, 10.9351,
        10.7734, 10.8400, 10.7734, 10.8070, 10.9040, 10.9040, 10.9040, 10.9040,
        10.7734, 10.8723, 10.8723, 10.8400, 10.8723, 10.8400, 10.9656, 10.8723,
        10.8070, 10.8400, 10.7392, 10.8723, 10.8400, 10.8723, 10.8070, 10.8400,
        10.8400, 10.9351]), tensor([11.7936, 11.7936, 11.6647, 11.6979, 11.8243, 11.8543, 11.5965, 11.7304,
        11.6309, 11.6647, 11.8243, 11.7936, 11.8243, 11.7623, 11.7304, 11.7304,
        11.7623, 11.7304, 11.6979, 11.6309, 11.5965, 11.7936, 11.6979, 11.6979,
        11.6979, 11.6647, 11.6309, 11.7623, 11.6647, 11.7304, 11.6647, 11.6647,
        11.6647, 11.7623, 11.6647, 11.6979, 11.6647, 11.7623, 11.7304, 11.7623,
        11.7936, 11.7623, 11.6309, 11.7304, 11.7304, 11.6979, 11.6979, 11.7304,
        11.6979, 11.6979]), tensor([12.6541, 12.8412, 12.6541, 12.6869, 12.7190, 12.6208, 12.6869, 12.7190,
        12.7814, 12.7814, 12.6541, 12.6208, 12.5868, 12.7190, 12.6541, 12.6208,
        12.7505, 12.6541, 12.6208, 12.6541, 12.6869, 12.6541, 12.7190, 12.5868,
        12.6869, 12.8116, 12.6869, 12.6541, 12.5868, 12.6541, 12.6869, 12.6541,
        12.8116, 12.6541, 12.8116, 12.7814, 12.6869, 12.7505, 12.5868, 12.6541,
        12.6541, 12.5521, 12.6869, 12.6541, 12.7190, 12.6869, 12.6541, 12.7505,
        12.5868, 12.5868]), tensor([13.7630, 13.7300, 13.7300, 13.7300, 13.7300, 13.7954, 13.7630, 13.7630,
        13.7300, 13.7954, 13.6964, 13.7300, 13.7300, 13.6964, 13.6964, 13.7300,
        13.7300, 13.7630, 13.7300, 13.6622, 13.6622, 13.6964, 13.6622, 13.7300,
        13.7630, 13.7630, 13.6964, 13.6964, 13.7954, 13.7954, 13.8582, 13.6622,
        13.6964, 13.7630, 13.6964, 13.6964, 13.7300, 13.7300, 13.7630, 13.6622,
        13.8271, 13.7300, 13.7630, 13.6622, 13.7300, 13.7300, 13.7300, 13.8582,
        13.6622, 13.7300]), tensor([14.9106, 14.9106, 14.8422, 14.9438, 14.9106, 14.8767, 14.9438, 14.9106,
        15.0083, 14.8422, 14.8422, 14.8767, 14.9106, 14.8422, 14.9106, 14.9438,
        14.9106, 14.9438, 15.0704, 15.0083, 14.9106, 14.9106, 14.9438, 14.9106,
        15.0704, 14.9106, 14.8422, 14.8422, 14.9764, 14.8767, 14.9106, 14.9106,
        14.9438, 14.8422, 14.8767, 15.0397, 14.9106, 14.9106, 14.9438, 14.9764,
        15.0397, 14.9106, 14.8071, 14.9106, 14.8422, 14.8767, 14.9438, 14.9438,
        15.0083, 14.9106]), tensor([16.2397, 16.1374, 16.1721, 16.2725, 16.2062, 16.2062, 16.2397, 16.1721,
        16.2062, 16.2397, 16.2062, 16.2725, 16.1721, 16.1721, 16.1721, 16.1721,
        16.2062, 16.2397, 16.2397, 16.2397, 16.2062, 16.1721, 16.2062, 16.2062,
        16.2062, 16.2062, 16.1374, 16.2062, 16.1721, 16.2062, 16.2725, 16.2062,
        16.2397, 16.2397, 16.3977, 16.2062, 16.1374, 16.2062, 16.1721, 16.2062,
        16.1721, 16.2397, 16.2062, 16.1374, 16.2062, 16.2062, 16.3673, 16.2062,
        16.2062, 16.2062]), tensor([17.5932, 17.6614, 17.6276, 17.6276, 17.6276, 17.5932, 17.5582, 17.5582,
        17.6614, 17.7270, 17.6614, 17.7270, 17.6614, 17.7589, 17.7589, 17.6276,
        17.5932, 17.6276, 17.6276, 17.6614, 17.6276, 17.6614, 17.6945, 17.7901,
        17.6276, 17.6276, 17.5582, 17.6276, 17.7270, 17.5582, 17.6276, 17.5932,
        17.6276, 17.6614, 17.6614, 17.6276, 17.6276, 17.5932, 17.6276, 17.5582,
        17.6276, 17.6276, 17.5932, 17.7270, 17.5932, 17.6945, 17.6276, 17.6276,
        17.6614, 17.6276]), tensor([19.2040, 19.1000, 19.1700, 19.2702, 19.0641, 19.1700, 19.1353, 19.1000,
        19.1353, 19.1700, 19.1000, 19.1700, 19.2375, 19.1353, 19.1700, 19.1000,
        19.2375, 19.1000, 19.1700, 19.1700, 19.1700, 19.2375, 19.1700, 19.1700,
        19.1000, 19.1700, 19.1700, 19.1353, 19.2702, 19.0641, 19.1700, 19.1000,
        19.1700, 19.1700, 19.2375, 19.2375, 19.1700, 19.2702, 19.3024, 19.1000,
        19.1700, 19.3024, 19.1353, 19.1000, 19.1700, 19.3339, 19.1353, 19.1353,
        19.1353, 19.1353]), tensor([20.8554, 20.9565, 20.8554, 21.0521, 20.8554, 20.7848, 20.9565, 20.9565,
        20.7848, 20.8897, 20.8897, 20.7848, 20.9890, 20.8897, 20.8897, 20.8897,
        20.8204, 20.8204, 20.8554, 20.8204, 20.8204, 20.8554, 20.7848, 20.8204,
        20.7117, 20.7848, 20.7848, 20.9565, 20.8897, 20.8554, 20.8204, 20.7848,
        20.9234, 20.9234, 21.0208, 20.8897, 20.9565, 20.8897, 20.8897, 20.5772,
        20.8554, 20.8554, 20.9890, 20.8554, 20.8554, 20.7485, 20.7848, 20.8897,
        20.8554, 20.9565]), tensor([22.7423, 22.7423, 22.6024, 22.5658, 22.6736, 22.6736, 22.6024, 22.7758,
        22.6736, 22.7423, 22.6024, 22.7423, 22.6736, 22.6736, 22.6024, 22.7758,
        22.6383, 22.6383, 22.6383, 22.8086, 22.6383, 22.6736, 22.7423, 22.7083,
        22.6736, 22.6736, 22.6383, 22.7083, 22.8723, 22.7083, 22.6736, 22.7083,
        22.6024, 22.5658, 22.6383, 22.6736, 22.7083, 22.6383, 22.6024, 22.6383,
        22.6736, 22.6024, 22.6736, 22.5286, 22.7758, 22.7083, 22.6024, 22.6736,
        22.7083, 22.7083]), tensor([24.6394, 24.8082, 24.6394, 24.6038, 24.6394, 24.8401, 24.5675, 24.6394,
        24.6038, 24.7088, 24.6038, 24.6394, 24.6038, 24.6744, 24.5675, 24.7088,
        24.5675, 24.6394, 24.6744, 24.6744, 24.6394, 24.6394, 24.6744, 24.6744,
        24.7088, 24.6038, 24.6394, 24.6394, 24.6744, 24.6394, 24.7426, 24.7088,
        24.6744, 24.7088, 24.6394, 24.6394, 24.5675, 24.6394, 24.6038, 24.6038,
        24.7426, 24.6394, 24.6744, 24.7088, 24.5675, 24.6394, 24.6394, 24.6744,
        24.4931, 24.6038]), tensor([26.7470, 26.7110, 26.7110, 26.8513, 26.7470, 26.7470, 26.7470, 26.7824,
        26.7470, 26.5992, 26.7470, 26.7824, 26.6371, 26.7470, 26.8513, 26.7110,
        26.7110, 26.8171, 26.7824, 26.7470, 26.6744, 26.7824, 26.6371, 26.7470,
        26.8171, 26.7110, 26.8513, 26.7824, 26.7470, 26.7110, 26.6371, 26.7470,
        26.7470, 26.9176, 26.7110, 26.5992, 26.8513, 26.8171, 26.8171, 26.7824,
        26.6744, 26.7824, 26.6744, 26.7470, 26.8171, 26.7470, 26.7824, 26.7110,
        26.8847, 26.7470]), tensor([28.9528, 28.9151, 29.0261, 29.0619, 29.0619, 29.0261, 28.9898, 29.0619,
        28.9898, 29.0970, 28.9898, 29.0970, 29.0261, 28.8769, 29.0970, 28.9898,
        29.1315, 29.0619, 29.0261, 28.9898, 29.0619, 29.0619, 29.0619, 29.0261,
        29.0261, 28.9898, 28.9898, 28.9898, 28.9151, 28.9528, 29.0619, 29.0619,
        29.0261, 28.9898, 28.9898, 29.0261, 29.1315, 29.0261, 28.9528, 29.0261,
        29.1986, 29.0970, 29.0261, 29.0261, 29.1315, 29.0619, 28.9898, 28.9898,
        29.0970, 28.9898]), tensor([31.4624, 31.5690, 31.3882, 31.4986, 31.3882, 31.6368, 31.4986, 31.3882,
        31.4256, 31.3882, 31.4624, 31.5341, 31.4986, 31.4624, 31.4624, 31.4256,
        31.5341, 31.4624, 31.4624, 31.4624, 31.4624, 31.4256, 31.5690, 31.4624,
        31.3502, 31.4986, 31.4624, 31.4986, 31.4256, 31.4624, 31.4624, 31.5341,
        31.5690, 31.4624, 31.4624, 31.4624, 31.3502, 31.3502, 31.4624, 31.4986,
        31.4986, 31.4624, 31.6698, 31.6032, 31.4256, 31.3882, 31.4256, 31.5690,
        31.3882, 31.5341]), tensor([33.9954, 34.0325, 33.9191, 33.7124, 34.0691, 34.0325, 34.0691, 33.9954,
        33.9954, 34.0325, 34.0691, 33.9954, 34.0325, 34.0325, 34.1403, 34.1050,
        33.9954, 34.0325, 34.0691, 33.9954, 33.9191, 33.9576, 33.9191, 33.9954,
        34.0691, 33.9576, 34.0325, 34.0325, 34.0691, 33.9191, 34.0691, 33.9954,
        34.0691, 34.0325, 34.0325, 34.0325, 34.0325, 33.9576, 33.9191, 34.0325,
        33.9954, 34.0325, 33.9576, 33.9954, 34.0325, 33.9191, 34.0325, 34.0325,
        34.1403, 34.0325]), tensor([36.6609, 36.5093, 36.6240, 36.5482, 36.6240, 36.5864, 36.6609, 36.6609,
        36.5864, 36.7680, 36.7680, 36.6972, 36.5864, 36.6972, 36.5482, 36.7680,
        36.5093, 36.6972, 36.6609, 36.5093, 36.5864, 36.5864, 36.6240, 36.5482,
        36.5864, 36.6240, 36.6972, 36.5864, 36.5482, 36.6609, 36.6609, 36.6240,
        36.6240, 36.6240, 36.6240, 36.6609, 36.6609, 36.6972, 36.6240, 36.5864,
        36.6240, 36.6240, 36.5482, 36.6972, 36.6609, 36.6240, 36.7329, 36.7680,
        36.5093, 36.5482]), tensor([39.0760, 39.0760, 39.0760, 39.1880, 39.1513, 39.1140, 39.1140, 39.1513,
        39.0375, 39.2241, 38.9982, 39.1880, 39.0375, 39.1513, 39.1140, 39.1513,
        39.1513, 39.0760, 39.0760, 39.0760, 39.0760, 39.0760, 39.0760, 39.0760,
        39.1140, 39.2943, 39.1140, 39.0760, 39.1513, 39.1140, 39.2595, 39.2595,
        39.1140, 39.1140, 39.1513, 39.1140, 39.0760, 39.1513, 39.0760, 39.2595,
        39.1140, 39.1140, 39.0760, 39.1140, 39.1513, 39.1140, 39.1513, 39.0375,
        39.1140, 39.0760]), tensor([41.4552, 41.4169, 41.1118, 41.5663, 41.4552, 41.4169, 41.4169, 41.4169,
        41.2982, 41.4552, 41.4169, 41.5299, 41.4928, 41.5299, 41.4928, 41.4552,
        41.4552, 41.3384, 41.4552, 41.5663, 41.4169, 41.4928, 41.3779, 41.4928,
        41.4169, 41.4928, 41.4552, 41.4552, 41.4552, 41.5299, 41.4928, 41.4928,
        41.5663, 41.5299, 41.5663, 41.4928, 41.4552, 41.4928, 41.4169, 41.4928,
        41.4552, 41.5663, 41.5663, 41.4928, 41.6372, 41.4552, 41.4928, 41.4169,
        41.4169, 41.3779]), tensor([43.7275, 43.6154, 43.6534, 43.6534, 43.6154, 43.6154, 43.6154, 43.7636,
        43.6534, 43.6154, 43.6907, 43.5768, 43.5375, 43.6534, 43.5375, 43.5768,
        43.5375, 43.5768, 43.6907, 43.5768, 43.6154, 43.6154, 43.5768, 43.5768,
        43.7275, 43.5768, 43.4976, 43.5768, 43.6534, 43.6154, 43.6534, 43.5768,
        43.7275, 43.6534, 43.7636, 43.5375, 43.6154, 43.6154, 43.6534, 43.6534,
        43.6154, 43.6154, 43.6534, 43.6534, 43.5768, 43.6534, 43.5768, 43.7275,
        43.6154, 43.6534]), tensor([45.5406, 45.2234, 45.7289, 45.5795, 45.6178, 45.6178, 45.5406, 45.5406,
        45.6178, 45.6178, 45.6178, 45.5795, 45.6178, 45.5795, 45.5011, 45.5406,
        45.6178, 45.5795, 45.6178, 45.6554, 45.6178, 45.2234, 45.5795, 45.5795,
        45.6178, 45.5795, 45.6554, 45.5406, 45.5795, 45.5795, 45.5795, 45.5406,
        45.5795, 45.5795, 45.5406, 45.6178, 45.6925, 45.5406, 45.6554, 45.5795,
        45.5406, 45.5011, 45.5011, 45.6178, 45.5795, 45.4609, 45.7998, 45.5406,
        45.5011, 45.5011]), tensor([47.3944, 47.2769, 47.3167, 47.3167, 47.3558, 47.3558, 47.3558, 47.3167,
        47.3558, 47.3167, 47.3558, 47.4323, 47.3167, 47.4695, 47.3558, 47.3944,
        47.3167, 47.4323, 47.3558, 47.5422, 47.3944, 47.3558, 47.2769, 47.3558,
        47.3167, 47.3167, 47.3558, 47.3944, 47.3558, 47.3167, 47.4323, 47.3944,
        47.3167, 47.3558, 47.3167, 47.3167, 47.3944, 47.3558, 47.2769, 47.2769,
        47.3167, 47.2769, 47.3167, 47.3944, 47.3558, 47.3558, 47.4323, 47.3944,
        47.2769, 47.4323]), tensor([49.0675, 48.9137, 48.9919, 48.9137, 48.8331, 48.9919, 48.8331, 48.9531,
        48.9919, 48.9137, 49.0300, 48.9919, 48.8331, 48.9531, 48.9531, 48.9531,
        48.9919, 48.9531, 48.9531, 48.9137, 48.9531, 48.9531, 48.9137, 48.9531,
        48.8737, 49.0300, 49.1406, 48.9531, 48.8331, 48.9919, 48.9531, 48.8331,
        48.9137, 48.9919, 48.7918, 48.9531, 48.8737, 48.8737, 48.9137, 48.9531,
        48.9137, 48.9919, 49.0300, 48.8737, 48.9531, 48.9919, 48.9531, 48.9531,
        48.9919, 48.9531]), tensor([50.5366, 50.4235, 50.3449, 50.3845, 50.2639, 50.3845, 50.3449, 50.4995,
        50.4618, 50.3047, 50.3845, 50.2639, 50.3845, 50.3449, 50.3449, 50.3047,
        50.3449, 50.3845, 50.4235, 50.4995, 50.4235, 50.3845, 50.3845, 50.3845,
        50.4235, 50.3845, 50.3449, 50.3845, 50.3845, 50.3845, 50.3047, 50.5366,
        50.3845, 50.4618, 50.3845, 50.6088, 50.3845, 50.4235, 50.3845, 50.4235,
        50.4618, 50.3845, 50.3845, 50.3845, 50.2639, 50.4618, 50.4235, 50.3449,
        50.3845, 50.4235]), tensor([51.6252, 51.6650, 51.7426, 51.5848, 51.7805, 51.6252, 51.5022, 51.6650,
        51.6252, 51.7041, 51.7041, 51.6252, 51.6252, 51.6650, 51.5438, 51.5438,
        51.6650, 51.5848, 51.6252, 51.6650, 51.7426, 51.7041, 51.8178, 51.5848,
        51.7426, 51.6252, 51.8178, 51.6650, 51.6650, 51.5848, 51.6252, 51.8904,
        51.6252, 51.6650, 51.6252, 51.6650, 51.7805, 51.6650, 51.6650, 51.6650,
        51.7426, 51.6650, 51.7805, 51.7805, 51.6252, 51.6252, 51.6252, 51.6252,
        51.7041, 51.6650]), tensor([52.9336, 52.7777, 52.8176, 52.8176, 52.8176, 52.8956, 53.0440, 52.8176,
        52.8176, 52.8176, 52.7777, 52.8176, 53.0440, 52.8176, 52.8176, 52.8176,
        52.8569, 52.8176, 52.8176, 52.8176, 52.8569, 52.8176, 52.7777, 52.8569,
        52.8176, 52.8569, 52.8569, 52.8176, 52.6960, 52.7777, 52.8176, 52.9336,
        52.8176, 52.7777, 52.7777, 52.7372, 52.7777, 52.8569, 52.7777, 52.8569,
        52.9336, 52.6960, 52.6960, 52.7777, 52.7777, 52.6542, 52.7777, 52.8176,
        52.8176, 52.8176]), tensor([53.8092, 53.8492, 53.8887, 53.7685, 53.7685, 53.9657, 53.8492, 53.8887,
        53.7685, 54.0032, 53.8092, 53.8492, 53.6852, 53.8887, 53.8092, 53.9275,
        53.8492, 53.8492, 53.8092, 53.7685, 53.8492, 53.9275, 53.8887, 53.8492,
        53.7685, 53.8092, 54.0032, 53.8887, 53.9657, 53.7272, 53.8492, 53.7685,
        53.8092, 53.8887, 53.9275, 53.8887, 53.7685, 53.8492, 53.8492, 53.8492,
        53.8092, 53.9657, 53.8492, 53.8492, 53.8092, 53.8092, 53.8492, 53.6852,
        53.8492, 53.9275]), tensor([54.7395, 54.6987, 54.7797, 54.8193, 54.9342, 54.6987, 54.7395, 54.6572,
        54.6987, 54.7797, 54.7797, 54.8193, 54.8582, 54.7395, 54.9342, 54.7797,
        54.9713, 54.7797, 54.7797, 54.8193, 54.7797, 54.8582, 54.8193, 54.7797,
        54.8965, 54.7395, 54.8193, 54.6572, 54.7797, 54.8193, 54.8582, 54.6987,
        54.6987, 54.8582, 54.8193, 54.8965, 54.6572, 54.7797, 54.8193, 54.8193,
        54.8193, 54.8193, 54.6987, 54.7395, 54.8582, 54.7797, 54.7797, 54.7395,
        54.7797, 54.7395]), tensor([55.5730, 55.4905, 55.5321, 55.5730, 55.5730, 55.4905, 55.7683, 55.6530,
        55.6530, 55.5321, 55.5730, 55.5730, 55.6133, 55.6921, 55.4483, 55.5321,
        55.6133, 55.6133, 55.5730, 55.6133, 55.6133, 55.5730, 55.5321, 55.5730,
        55.6133, 55.5730, 55.5730, 55.6133, 55.4905, 55.5730, 55.6133, 55.6921,
        55.6133, 55.6133, 55.7305, 55.6530, 55.5321, 55.5730, 55.7305, 55.6133,
        55.6133, 55.6133, 55.6530, 55.7683, 55.7305, 55.5730, 55.5730, 55.5730,
        55.6133, 55.7305]), tensor([56.3646, 56.4044, 56.3242, 56.3646, 56.4044, 56.5573, 56.4044, 56.4821,
        56.3646, 56.3242, 56.3242, 56.3646, 56.4044, 56.3242, 56.3242, 56.2831,
        56.3646, 56.3646, 56.2831, 56.2831, 56.4436, 56.3242, 56.4436, 56.3646,
        56.4044, 56.4044, 56.3646, 56.4821, 56.4436, 56.3646, 56.3242, 56.2831,
        56.3646, 56.4436, 56.3646, 56.4821, 56.4044, 56.4436, 56.3242, 56.3646,
        56.2831, 56.3646, 56.3646, 56.3646, 56.4044, 56.3646, 56.2831, 56.3646,
        56.3242, 56.4436]), tensor([57.0780, 57.1559, 57.1173, 57.0382, 56.9565, 57.0382, 57.2680, 56.9976,
        57.0382, 57.0382, 57.0382, 56.9976, 57.2313, 57.0382, 56.9976, 56.9565,
        57.0382, 57.0382, 57.0382, 56.9976, 57.0382, 57.0382, 57.0382, 57.0382,
        57.0382, 56.9147, 57.0780, 57.0780, 57.0382, 57.1559, 56.9976, 57.2680,
        57.1559, 56.9976, 57.0382, 57.0382, 57.1173, 56.6466, 57.0382, 56.9976,
        57.0382, 57.0382, 56.9976, 56.9976, 56.9976, 57.1173, 56.9147, 57.1173,
        56.9976, 56.9976]), tensor([57.5635, 57.6853, 57.7634, 57.9475, 57.7634, 57.6454, 57.6048, 57.6454,
        57.6048, 57.5217, 57.5635, 57.6454, 57.6454, 57.4792, 57.6454, 57.6454,
        57.4792, 57.6454, 57.6048, 57.6048, 57.6454, 57.5217, 57.6454, 57.7247,
        57.6454, 57.6048, 57.6454, 57.5217, 57.7634, 57.6454, 57.5217, 57.6853,
        57.6454, 57.6454, 57.6454, 57.5217, 57.6048, 57.5217, 57.6048, 57.6454,
        57.6454, 57.6853, 57.6454, 57.8014, 57.6048, 57.5635, 57.5635, 57.6048,
        57.6048, 57.7247]), tensor([58.1973, 58.1567, 58.2768, 58.1973, 58.1973, 58.1567, 58.1973, 58.2768,
        58.3538, 58.2768, 58.2374, 58.1973, 58.2768, 58.1567, 58.1567, 58.1567,
        58.2374, 58.2374, 58.0309, 58.1973, 58.0734, 58.1154, 58.1154, 58.1567,
        58.1973, 58.1154, 58.2374, 58.0734, 58.1973, 58.1154, 58.1567, 58.2768,
        58.1973, 58.1567, 58.2768, 58.1973, 58.1567, 58.1154, 58.1567, 58.2374,
        58.4282, 58.2374, 58.2768, 58.1973, 58.1973, 58.1567, 58.1973, 58.3538,
        58.1567, 58.3156]), tensor([58.6132, 58.6546, 58.7354, 58.6953, 58.6132, 58.7749, 58.6132, 58.6953,
        58.7354, 58.7354, 58.6953, 58.6546, 58.7354, 58.6546, 58.6546, 58.6953,
        58.6953, 58.6953, 58.6953, 58.6953, 58.5712, 58.7354, 58.6953, 58.6953,
        58.7749, 58.7749, 58.7749, 58.6546, 58.6953, 58.7354, 58.6953, 58.6132,
        58.9266, 58.6546, 58.6953, 58.6953, 58.6546, 58.6546, 58.7354, 58.7749,
        58.6953, 58.6953, 58.6546, 58.5712, 58.6953, 58.5286, 58.7749, 58.7749,
        58.6546, 58.7354]), tensor([59.2965, 59.0988, 59.0988, 59.1396, 59.1396, 59.0573, 59.0988, 59.2193,
        59.1396, 59.2193, 59.1797, 59.0988, 59.1396, 59.0153, 59.0573, 59.1396,
        59.2582, 59.0153, 59.1396, 59.0988, 59.1396, 59.1396, 59.1396, 59.2582,
        59.2193, 59.1797, 59.1797, 59.0153, 59.1797, 59.0988, 59.0988, 59.1396,
        59.3342, 59.1396, 59.1396, 59.0988, 59.0988, 59.1396, 59.0988, 59.1797,
        59.1396, 59.0573, 59.2193, 59.2193, 59.0573, 59.0988, 59.0153, 59.1396,
        59.1396, 59.1396]), tensor([59.4657, 59.5882, 59.5072, 59.4236, 59.5072, 59.5072, 59.5480, 59.5480,
        59.4657, 59.5072, 59.5882, 59.3808, 59.7052, 59.5480, 59.5480, 59.5072,
        59.5882, 59.6279, 59.5480, 59.5072, 59.4657, 59.3808, 59.5072, 59.5480,
        59.5480, 59.5882, 59.6668, 59.5072, 59.5072, 59.5882, 59.5480, 59.5072,
        59.5072, 59.5480, 59.5480, 59.5480, 59.5072, 59.5480, 59.6279, 59.5072,
        59.5072, 59.5882, 59.6668, 59.4657, 59.5480, 59.5480, 59.5072, 59.5480,
        59.5882, 59.4657]), tensor([59.8672, 59.8256, 60.0654, 59.9483, 59.8256, 59.9081, 59.7407, 59.7835,
        59.9483, 59.8672, 59.9483, 59.9483, 59.8256, 59.8256, 59.9081, 59.8672,
        59.8672, 59.9483, 59.9483, 59.8672, 59.8672, 59.7835, 59.8672, 59.8256,
        59.9483, 59.7407, 59.9081, 59.9483, 60.0654, 59.8672, 59.8256, 59.9081,
        59.9483, 59.9081, 59.9081, 59.9081, 59.9081, 59.9081, 59.9081, 59.9081,
        59.8672, 59.9483, 59.7835, 59.9081, 59.9483, 59.8672, 59.8672, 59.9880,
        59.8672, 59.9483]), tensor([60.2023, 60.3233, 60.2023, 60.2433, 60.2433, 60.4008, 60.2433, 60.3233,
        60.3233, 60.2433, 60.2023, 60.2433, 60.3624, 60.2023, 60.2433, 60.2023,
        60.2433, 60.2433, 60.1608, 60.3233, 60.3233, 60.2836, 60.1608, 60.1185,
        60.3233, 60.2433, 60.2023, 60.2023, 60.2433, 60.2433, 60.3624, 60.2433,
        60.1185, 60.2836, 60.3624, 60.3233, 60.2433, 60.2433, 60.1608, 60.1608,
        60.2433, 60.3233, 60.2023, 60.2433, 60.2836, 60.2023, 60.2023, 60.2433,
        60.2433, 60.2836]), tensor([60.6211, 60.5410, 60.5410, 60.5410, 60.4584, 60.4584, 60.5410, 60.5410,
        60.5410, 60.5410, 60.5000, 60.5410, 60.5000, 60.5814, 60.5000, 60.5000,
        60.6602, 60.5814, 60.5000, 60.5814, 60.5814, 60.5000, 60.5814, 60.5814,
        60.6602, 60.6602, 60.6602, 60.5410, 60.5410, 60.5000, 60.5000, 60.5000,
        60.4161, 60.7366, 60.5410, 60.5000, 60.5000, 60.6211, 60.5814, 60.5000,
        60.5410, 60.5000, 60.5000, 60.6602, 60.5000, 60.6211, 60.5410, 60.5000,
        60.5000, 60.5410]), tensor([60.8035, 60.7625, 60.8035, 60.8439, 60.7208, 60.8035, 60.8035, 60.6356,
        60.7208, 60.7625, 60.7625, 60.9229, 60.8439, 60.9614, 60.9993, 60.8035,
        60.7625, 60.7208, 60.8035, 60.9614, 60.7625, 60.7208, 60.7625, 60.7625,
        60.8035, 60.7625, 60.8439, 60.7625, 60.7625, 60.8035, 60.8439, 60.6785,
        60.8035, 60.7625, 60.6785, 60.9614, 60.8837, 60.7625, 61.0365, 60.7208,
        60.8439, 60.8035, 60.8035, 60.7625, 60.8035, 60.8035, 60.7625, 60.8439,
        60.8035, 60.7208]), tensor([61.1215, 60.9161, 61.0002, 61.0412, 61.0002, 61.0002, 61.0817, 61.0002,
        61.1607, 60.9585, 61.0002, 60.9585, 60.6372, 61.0817, 61.0002, 61.0412,
        61.0412, 61.0817, 61.0412, 61.0412, 61.1992, 61.1215, 61.0817, 61.0817,
        61.0817, 61.3111, 61.0002, 61.0817, 61.0412, 61.0412, 60.9585, 61.1607,
        61.2372, 61.0817, 61.0002, 61.0412, 61.0002, 61.0412, 61.0002, 61.0412,
        61.0817, 61.0412, 60.9161, 61.0817, 61.0412, 61.0412, 61.0002, 61.0002,
        61.0002, 61.0412]), tensor([61.2125, 61.2125, 61.1708, 61.2941, 61.3339, 61.2536, 61.2536, 61.1708,
        61.2536, 61.2125, 61.1708, 61.2536, 61.2536, 61.2125, 61.3339, 61.3339,
        61.2536, 61.2941, 61.2536, 61.2536, 61.2125, 61.1284, 61.2536, 61.2941,
        61.1708, 61.1708, 61.2536, 61.2125, 61.5237, 61.2125, 61.1284, 61.2536,
        61.2536, 61.2536, 61.2125, 61.2941, 61.1708, 61.2125, 61.2125, 61.2536,
        61.3339, 61.2536, 61.2536, 61.1284, 61.1284, 61.2536, 61.2536, 61.2125,
        61.2536, 61.2941]), tensor([61.4518, 61.4518, 61.5322, 61.6101, 61.3266, 61.4107, 61.4518, 61.4923,
        61.3689, 61.4518, 61.4518, 61.4923, 61.3266, 61.3689, 61.4923, 61.5714,
        61.3689, 61.4107, 61.2835, 61.5322, 61.4518, 61.4107, 61.4107, 61.4923,
        61.4107, 61.3689, 61.4518, 61.4923, 61.4107, 61.4107, 61.4107, 61.4107,
        61.3266, 61.4518, 61.4518, 61.4518, 61.4923, 61.4518, 61.3689, 61.4518,
        61.0464, 61.4518, 61.4107, 61.4518, 61.4107, 61.6480, 61.4518, 61.3689,
        61.3689, 61.4518]), tensor([61.6742, 61.5926, 61.6337, 61.5508, 61.5926, 61.5926, 61.6337, 61.6337,
        61.6337, 61.7141, 61.6337, 61.6337, 61.6742, 61.5084, 61.5926, 61.6337,
        61.5926, 61.5926, 61.6337, 61.7141, 61.6337, 61.5508, 61.5926, 61.5926,
        61.4653, 61.5084, 61.5926, 61.5084, 61.5926, 61.6742, 61.7534, 61.6337,
        61.7141, 61.6337, 61.6337, 61.5926, 61.5926, 61.6337, 61.5926, 61.5926,
        61.5926, 61.5926, 61.5926, 61.5926, 61.4653, 61.6337, 61.6337, 61.5084,
        61.5926, 61.6337]), tensor([61.7727, 61.6473, 61.7315, 61.7315, 61.8924, 61.7727, 61.8531, 61.7315,
        61.6473, 61.7315, 61.7727, 61.6897, 61.7727, 61.7315, 61.6897, 61.7727,
        61.7727, 61.7727, 61.7727, 61.7727, 61.7727, 61.8531, 61.8132, 61.8132,
        61.6897, 61.7727, 61.7727, 61.7727, 61.7315, 61.8132, 61.8132, 61.8531,
        61.7727, 61.7727, 61.7727, 61.6473, 61.7727, 61.7727, 61.7315, 61.6473,
        61.8132, 61.8132, 61.7727, 61.8132, 61.6473, 61.7727, 61.7727, 61.3662,
        61.8531, 61.7315]), tensor([61.8115, 61.8945, 61.9351, 61.8533, 61.8945, 61.9351, 61.8945, 61.7690,
        61.8945, 61.8533, 62.0144, 61.9351, 61.8533, 61.8945, 61.8945, 61.8533,
        61.9751, 61.8945, 61.8945, 61.8945, 61.8945, 61.8945, 61.9351, 61.8945,
        61.8115, 61.8945, 61.8115, 62.1287, 61.8533, 61.8945, 62.0144, 61.9351,
        61.9351, 61.8945, 61.8945, 61.8945, 62.0531, 61.9751, 61.8533, 61.8945,
        61.8533, 61.9351, 61.8533, 61.8945, 61.8533, 61.8945, 61.8945, 61.9351,
        61.8945, 61.9351]), tensor([62.1859, 62.1052, 62.0640, 62.0640, 62.1052, 62.1052, 61.9796, 62.1459,
        62.0221, 62.0640, 62.0640, 62.0221, 62.2253, 62.1052, 61.9364, 62.1052,
        62.0640, 62.1052, 62.1052, 62.2640, 62.1052, 62.1052, 62.1459, 62.1052,
        62.0640, 62.1052, 62.1859, 62.1052, 62.2640, 62.1459, 62.0640, 62.1052,
        62.0221, 62.0221, 62.1052, 62.0640, 62.1052, 62.1052, 62.0640, 62.1052,
        62.0221, 61.9364, 63.3395, 62.1459, 62.2640, 62.0640, 62.1052, 62.0640,
        62.1459, 62.1052]), tensor([62.4968, 62.3747, 62.4567, 62.5752, 62.5363, 62.4567, 62.3747, 62.3747,
        62.4160, 62.3747, 62.4160, 62.5363, 62.4567, 62.4160, 62.4160, 62.3747,
        62.4160, 62.4567, 62.3747, 62.3747, 62.3747, 62.3327, 62.4567, 62.3747,
        62.4567, 62.4160, 62.4160, 62.4160, 62.3327, 62.3327, 62.4160, 62.2901,
        62.4160, 62.3327, 62.5363, 62.3747, 62.4567, 62.3327, 62.3327, 62.4160,
        62.4160, 62.4160, 62.4160, 62.3747, 62.5752, 63.7161, 62.4160, 63.6919,
        62.4567, 62.4160]), tensor([62.6570, 62.7814, 62.6991, 62.6991, 62.7406, 62.6570, 62.7406, 62.7814,
        62.7406, 63.6924, 62.7406, 62.7814, 62.7406, 62.7814, 63.1207, 62.6570,
        63.9920, 62.6991, 62.6991, 62.6991, 62.6991, 62.6991, 62.7406, 62.6570,
        62.6991, 62.8612, 62.9002, 62.6570, 62.7406, 62.6991, 62.7814, 62.7814,
        62.7406, 62.7814, 62.6570, 62.7406, 62.8216, 62.7406, 62.7406, 62.7406,
        62.6991, 62.6570, 62.7814, 62.6570, 62.7814, 62.9002, 62.7406, 62.6570,
        62.8612, 62.6991]), tensor([63.1166, 63.0756, 64.3334, 63.0341, 64.3812, 63.0756, 63.0341, 62.9490,
        63.1967, 62.9918, 63.0341, 63.0756, 63.0756, 63.1166, 62.9918, 62.9490,
        63.0756, 63.1967, 63.0756, 62.9490, 63.0341, 63.1166, 63.0756, 63.1967,
        63.5920, 63.1967, 63.0756, 63.1166, 63.0756, 63.0756, 62.9055, 63.0756,
        63.0756, 62.9918, 63.0756, 62.9918, 63.0341, 63.0756, 63.0756, 63.0341,
        63.1166, 63.1166, 63.1967, 62.9490, 63.0341, 63.1570, 63.0756, 63.0341,
        62.9918, 63.0756]), tensor([63.4589, 63.3760, 63.6170, 63.2907, 63.3760, 63.3760, 63.4178, 63.6550,
        63.3760, 63.4178, 63.4589, 63.4178, 63.5392, 63.3337, 63.3760, 63.4589,
        63.3760, 63.5392, 63.4589, 63.3760, 63.4993, 63.3760, 63.4589, 63.4178,
        63.4178, 64.6453, 63.4589, 63.5784, 64.7442, 63.4589, 63.3337, 63.4178,
        63.3760, 63.3760, 64.6031, 63.4178, 63.4178, 63.4178, 63.4178, 63.4178,
        63.4589, 63.2471, 63.4993, 63.3760, 63.3760, 63.2471, 63.4178, 63.4178,
        63.3337, 63.4178]), tensor([nan, nan, nan, nan, nan, nan, nan, nan, nan, nan, nan, nan, nan, nan, nan, nan, nan, nan, nan, nan, nan, nan, nan, nan,
        nan, nan, nan, nan, nan, nan, nan, nan, nan, nan, nan, nan, nan, nan, nan, nan, nan, nan, nan, nan, nan, nan, nan, nan,
        nan, nan]), tensor([nan, nan, nan, nan, nan, nan, nan, nan, nan, nan, nan, nan, nan, nan, nan, nan, nan, nan, nan, nan, nan, nan, nan, nan,
        nan, nan, nan, nan, nan, nan, nan, nan, nan, nan, nan, nan, nan, nan, nan, nan, nan, nan, nan, nan, nan, nan, nan, nan,
        nan, nan]), tensor([nan, nan, nan, nan, nan, nan, nan, nan, nan, nan, nan, nan, nan, nan, nan, nan, nan, nan, nan, nan, nan, nan, nan, nan,
        nan, nan, nan, nan, nan, nan, nan, nan, nan, nan, nan, nan, nan, nan, nan, nan, nan, nan, nan, nan, nan, nan, nan, nan,
        nan, nan]), tensor([nan, nan, nan, nan, nan, nan, nan, nan, nan, nan, nan, nan, nan, nan, nan, nan, nan, nan, nan, nan, nan, nan, nan, nan,
        nan, nan, nan, nan, nan, nan, nan, nan, nan, nan, nan, nan, nan, nan, nan, nan, nan, nan, nan, nan, nan, nan, nan, nan,
        nan, nan]), tensor([nan, nan, nan, nan, nan, nan, nan, nan, nan, nan, nan, nan, nan, nan, nan, nan, nan, nan, nan, nan, nan, nan, nan, nan,
        nan, nan, nan, nan, nan, nan, nan, nan, nan, nan, nan, nan, nan, nan, nan, nan, nan, nan, nan, nan, nan, nan, nan, nan,
        nan, nan]), tensor([nan, nan, nan, nan, nan, nan, nan, nan, nan, nan, nan, nan, nan, nan, nan, nan, nan, nan, nan, nan, nan, nan, nan, nan,
        nan, nan, nan, nan, nan, nan, nan, nan, nan, nan, nan, nan, nan, nan, nan, nan, nan, nan, nan, nan, nan, nan, nan, nan,
        nan, nan]), tensor([nan, nan, nan, nan, nan, nan, nan, nan, nan, nan, nan, nan, nan, nan, nan, nan, nan, nan, nan, nan, nan, nan, nan, nan,
        nan, nan, nan, nan, nan, nan, nan, nan, nan, nan, nan, nan, nan, nan, nan, nan, nan, nan, nan, nan, nan, nan, nan, nan,
        nan, nan]), tensor([nan, nan, nan, nan, nan, nan, nan, nan, nan, nan, nan, nan, nan, nan, nan, nan, nan, nan, nan, nan, nan, nan, nan, nan,
        nan, nan, nan, nan, nan, nan, nan, nan, nan, nan, nan, nan, nan, nan, nan, nan, nan, nan, nan, nan, nan, nan, nan, nan,
        nan, nan]), tensor([nan, nan, nan, nan, nan, nan, nan, nan, nan, nan, nan, nan, nan, nan, nan, nan, nan, nan, nan, nan, nan, nan, nan, nan,
        nan, nan, nan, nan, nan, nan, nan, nan, nan, nan, nan, nan, nan, nan, nan, nan, nan, nan, nan, nan, nan, nan, nan, nan,
        nan, nan]), tensor([nan, nan, nan, nan, nan, nan, nan, nan, nan, nan, nan, nan, nan, nan, nan, nan, nan, nan, nan, nan, nan, nan, nan, nan,
        nan, nan, nan, nan, nan, nan, nan, nan, nan, nan, nan, nan, nan, nan, nan, nan, nan, nan, nan, nan, nan, nan, nan, nan,
        nan, nan]), tensor([nan, nan, nan, nan, nan, nan, nan, nan, nan, nan, nan, nan, nan, nan, nan, nan, nan, nan, nan, nan, nan, nan, nan, nan,
        nan, nan, nan, nan, nan, nan, nan, nan, nan, nan, nan, nan, nan, nan, nan, nan, nan, nan, nan, nan, nan, nan, nan, nan,
        nan, nan]), tensor([nan, nan, nan, nan, nan, nan, nan, nan, nan, nan, nan, nan, nan, nan, nan, nan, nan, nan, nan, nan, nan, nan, nan, nan,
        nan, nan, nan, nan, nan, nan, nan, nan, nan, nan, nan, nan, nan, nan, nan, nan, nan, nan, nan, nan, nan, nan, nan, nan,
        nan, nan]), tensor([nan, nan, nan, nan, nan, nan, nan, nan, nan, nan, nan, nan, nan, nan, nan, nan, nan, nan, nan, nan, nan, nan, nan, nan,
        nan, nan, nan, nan, nan, nan, nan, nan, nan, nan, nan, nan, nan, nan, nan, nan, nan, nan, nan, nan, nan, nan, nan, nan,
        nan, nan]), tensor([nan, nan, nan, nan, nan, nan, nan, nan, nan, nan, nan, nan, nan, nan, nan, nan, nan, nan, nan, nan, nan, nan, nan, nan,
        nan, nan, nan, nan, nan, nan, nan, nan, nan, nan, nan, nan, nan, nan, nan, nan, nan, nan, nan, nan, nan, nan, nan, nan,
        nan, nan]), tensor([nan, nan, nan, nan, nan, nan, nan, nan, nan, nan, nan, nan, nan, nan, nan, nan, nan, nan, nan, nan, nan, nan, nan, nan,
        nan, nan, nan, nan, nan, nan, nan, nan, nan, nan, nan, nan, nan, nan, nan, nan, nan, nan, nan, nan, nan, nan, nan, nan,
        nan, nan]), tensor([nan, nan, nan, nan, nan, nan, nan, nan, nan, nan, nan, nan, nan, nan, nan, nan, nan, nan, nan, nan, nan, nan, nan, nan,
        nan, nan, nan, nan, nan, nan, nan, nan, nan, nan, nan, nan, nan, nan, nan, nan, nan, nan, nan, nan, nan, nan, nan, nan,
        nan, nan]), tensor([nan, nan, nan, nan, nan, nan, nan, nan, nan, nan, nan, nan, nan, nan, nan, nan, nan, nan, nan, nan, nan, nan, nan, nan,
        nan, nan, nan, nan, nan, nan, nan, nan, nan, nan, nan, nan, nan, nan, nan, nan, nan, nan, nan, nan, nan, nan, nan, nan,
        nan, nan]), tensor([nan, nan, nan, nan, nan, nan, nan, nan, nan, nan, nan, nan, nan, nan, nan, nan, nan, nan, nan, nan, nan, nan, nan, nan,
        nan, nan, nan, nan, nan, nan, nan, nan, nan, nan, nan, nan, nan, nan, nan, nan, nan, nan, nan, nan, nan, nan, nan, nan,
        nan, nan]), tensor([nan, nan, nan, nan, nan, nan, nan, nan, nan, nan, nan, nan, nan, nan, nan, nan, nan, nan, nan, nan, nan, nan, nan, nan,
        nan, nan, nan, nan, nan, nan, nan, nan, nan, nan, nan, nan, nan, nan, nan, nan, nan, nan, nan, nan, nan, nan, nan, nan,
        nan, nan]), tensor([nan, nan, nan, nan, nan, nan, nan, nan, nan, nan, nan, nan, nan, nan, nan, nan, nan, nan, nan, nan, nan, nan, nan, nan,
        nan, nan, nan, nan, nan, nan, nan, nan, nan, nan, nan, nan, nan, nan, nan, nan, nan, nan, nan, nan, nan, nan, nan, nan,
        nan, nan]), tensor([nan, nan, nan, nan, nan, nan, nan, nan, nan, nan, nan, nan, nan, nan, nan, nan, nan, nan, nan, nan, nan, nan, nan, nan,
        nan, nan, nan, nan, nan, nan, nan, nan, nan, nan, nan, nan, nan, nan, nan, nan, nan, nan, nan, nan, nan, nan, nan, nan,
        nan, nan]), tensor([nan, nan, nan, nan, nan, nan, nan, nan, nan, nan, nan, nan, nan, nan, nan, nan, nan, nan, nan, nan, nan, nan, nan, nan,
        nan, nan, nan, nan, nan, nan, nan, nan, nan, nan, nan, nan, nan, nan, nan, nan, nan, nan, nan, nan, nan, nan, nan, nan,
        nan, nan]), tensor([nan, nan, nan, nan, nan, nan, nan, nan, nan, nan, nan, nan, nan, nan, nan, nan, nan, nan, nan, nan, nan, nan, nan, nan,
        nan, nan, nan, nan, nan, nan, nan, nan, nan, nan, nan, nan, nan, nan, nan, nan, nan, nan, nan, nan, nan, nan, nan, nan,
        nan, nan]), tensor([nan, nan, nan, nan, nan, nan, nan, nan, nan, nan, nan, nan, nan, nan, nan, nan, nan, nan, nan, nan, nan, nan, nan, nan,
        nan, nan, nan, nan, nan, nan, nan, nan, nan, nan, nan, nan, nan, nan, nan, nan, nan, nan, nan, nan, nan, nan, nan, nan,
        nan, nan]), tensor([nan, nan, nan, nan, nan, nan, nan, nan, nan, nan, nan, nan, nan, nan, nan, nan, nan, nan, nan, nan, nan, nan, nan, nan,
        nan, nan, nan, nan, nan, nan, nan, nan, nan, nan, nan, nan, nan, nan, nan, nan, nan, nan, nan, nan, nan, nan, nan, nan,
        nan, nan]), tensor([nan, nan, nan, nan, nan, nan, nan, nan, nan, nan, nan, nan, nan, nan, nan, nan, nan, nan, nan, nan, nan, nan, nan, nan,
        nan, nan, nan, nan, nan, nan, nan, nan, nan, nan, nan, nan, nan, nan, nan, nan, nan, nan, nan, nan, nan, nan, nan, nan,
        nan, nan]), tensor([nan, nan, nan, nan, nan, nan, nan, nan, nan, nan, nan, nan, nan, nan, nan, nan, nan, nan, nan, nan, nan, nan, nan, nan,
        nan, nan, nan, nan, nan, nan, nan, nan, nan, nan, nan, nan, nan, nan, nan, nan, nan, nan, nan, nan, nan, nan, nan, nan,
        nan, nan]), tensor([nan, nan, nan, nan, nan, nan, nan, nan, nan, nan, nan, nan, nan, nan, nan, nan, nan, nan, nan, nan, nan, nan, nan, nan,
        nan, nan, nan, nan, nan, nan, nan, nan, nan, nan, nan, nan, nan, nan, nan, nan, nan, nan, nan, nan, nan, nan, nan, nan,
        nan, nan]), tensor([nan, nan, nan, nan, nan, nan, nan, nan, nan, nan, nan, nan, nan, nan, nan, nan, nan, nan, nan, nan, nan, nan, nan, nan,
        nan, nan, nan, nan, nan, nan, nan, nan, nan, nan, nan, nan, nan, nan, nan, nan, nan, nan, nan, nan, nan, nan, nan, nan,
        nan, nan]), tensor([nan, nan, nan, nan, nan, nan, nan, nan, nan, nan, nan, nan, nan, nan, nan, nan, nan, nan, nan, nan, nan, nan, nan, nan,
        nan, nan, nan, nan, nan, nan, nan, nan, nan, nan, nan, nan, nan, nan, nan, nan, nan, nan, nan, nan, nan, nan, nan, nan,
        nan, nan]), tensor([nan, nan, nan, nan, nan, nan, nan, nan, nan, nan, nan, nan, nan, nan, nan, nan, nan, nan, nan, nan, nan, nan, nan, nan,
        nan, nan, nan, nan, nan, nan, nan, nan, nan, nan, nan, nan, nan, nan, nan, nan, nan, nan, nan, nan, nan, nan, nan, nan,
        nan, nan])]
[2022-11-14 15:54:25,190][util][INFO] - total reward history
    total reward      loss
0     624.580664  5.899530
1     628.347433  5.865553
2     624.377403  5.814448
3     629.818641  5.781446
4     633.921875  5.810185
..           ...       ...
95    686.036499       NaN
96    683.505004       NaN
97    686.868079       NaN
98    682.678765       NaN
99    683.362376       NaN

[100 rows x 2 columns]
[2022-11-14 15:54:25,201][util][INFO] - weight path
c:\Users\trl\Documents\INT01750-yudai-sugiyama\task\AI\DQN\dqn-isoperimetric-problem\outputs\2022-11-14\15-53-40/weight.pth
[2022-11-14 15:54:25,201][util][INFO] - time
44.155s
