[2022-06-09 15:10:26,579][util][INFO] - yaml
name: ellipse
model:
  epsilon: 0.1
  batch_size: 10
  gamma: 0.9
  learning_rate: 0.00025
  synchro_time: 100
  weight_name: weight.pth
  test_anim_name: test.GIF
  warm_up_anim_name: warm_up.GIF
  reward_fig_name: reward.png
  test_reward_fig_name: reward.png
  loss_fig_name: loss.png
  anim_interval: 25
  train_anim_show: false
env:
  init_wide: 2.0
  init_height: 1.0
  max_episode: 100
  max_epoch: 100
  warm_up_epoch: 100
  round_digit: 2

[2022-06-09 15:10:26,588][util][INFO] - optimizer
Adam (
Parameter Group 0
    amsgrad: False
    betas: (0.9, 0.999)
    eps: 1e-08
    lr: 0.00025
    weight_decay: 0
)
[2022-06-09 15:10:26,588][util][INFO] - loss function
SmoothL1Loss()
[2022-06-09 15:10:26,588][util][INFO] - actions list
[[-0.01  0.  ]
 [ 0.    0.  ]
 [ 0.01  0.  ]]
[2022-06-09 15:10:26,589][util][INFO] - main network
Sequential(
  (0): Linear(in_features=2, out_features=3, bias=True)
  (1): ReLU()
  (2): Linear(in_features=3, out_features=4, bias=True)
  (3): ReLU()
  (4): Linear(in_features=4, out_features=5, bias=True)
  (5): ReLU()
  (6): Linear(in_features=5, out_features=3, bias=True)
)
[2022-06-09 15:10:26,589][util][INFO] - target network
Sequential(
  (0): Linear(in_features=2, out_features=3, bias=True)
  (1): ReLU()
  (2): Linear(in_features=3, out_features=4, bias=True)
  (3): ReLU()
  (4): Linear(in_features=4, out_features=5, bias=True)
  (5): ReLU()
  (6): Linear(in_features=5, out_features=3, bias=True)
)
[2022-06-09 15:10:26,891][matplotlib.animation][WARNING] - MovieWriter ffmpeg unavailable; using Pillow instead.
[2022-06-09 15:10:26,891][matplotlib.animation][INFO] - Animation.save using <class 'matplotlib.animation.PillowWriter'>
[2022-06-09 15:10:59,385][matplotlib.legend][WARNING] - No artists with labels found to put in legend.  Note that artists whose label start with an underscore are ignored when legend() is called with no argument.
[2022-06-09 15:10:59,542][matplotlib.legend][WARNING] - No artists with labels found to put in legend.  Note that artists whose label start with an underscore are ignored when legend() is called with no argument.
[2022-06-09 15:10:59,682][util][INFO] - q value
[tensor([-0.3298, -0.3274,  0.6020,  0.6019,  0.6020,  0.6020, -0.1881,  0.6021,
         0.6021,  0.6020], grad_fn=<IndexBackward0>), tensor([ 0.6724,  0.6720, -0.2932, -0.2897,  0.6722,  0.6724, -0.2932,  0.6723,
         0.6714,  0.6721], grad_fn=<IndexBackward0>), tensor([0.7492, 0.7497, 0.7497, 0.7495, 0.7500, 0.7497, 0.7499, 0.7495, 0.7497,
        0.7497], grad_fn=<IndexBackward0>), tensor([ 0.8456,  0.8459,  0.8459, -0.0415,  0.8449,  0.8456,  0.8453, -0.0459,
         0.8449,  0.8459], grad_fn=<IndexBackward0>), tensor([0.9638, 0.9655, 0.9638, 0.9677, 0.9660, 0.9666, 0.9616, 0.9660, 0.9666,
        0.9660], grad_fn=<IndexBackward0>), tensor([ 1.1317,  1.1307,  1.1298,  1.1307,  1.1335, -0.2293,  1.1344,  1.1326,
         0.0521,  1.1335], grad_fn=<IndexBackward0>), tensor([1.3570, 1.3557, 1.3598, 1.3529, 1.3529, 1.3598, 1.3557, 1.3543, 1.3529,
        1.3584], grad_fn=<IndexBackward0>), tensor([1.7019, 1.7200, 1.7097, 1.7149, 1.7226, 1.7045, 1.7123, 1.7200, 1.7123,
        1.7149], grad_fn=<IndexBackward0>), tensor([2.4269, 2.4057, 2.4269, 0.5353, 2.4226, 2.4269, 2.4226, 2.4269, 2.4142,
        2.4269], grad_fn=<IndexBackward0>), tensor([3.3680, 3.3867, 3.3930, 3.3680, 3.3680, 3.3742, 3.3617, 3.3742, 3.3680,
        3.3617], grad_fn=<IndexBackward0>), tensor([4.6466, 4.6642, 4.6290, 4.6202, 4.5587, 4.6026, 4.6290, 4.6642, 0.4669,
        4.6378], grad_fn=<IndexBackward0>), tensor([6.3845, 6.4458, 6.4090, 1.0484, 6.4213, 6.3845, 6.4336, 6.3968, 6.4213,
        6.4336], grad_fn=<IndexBackward0>), tensor([8.7097, 8.6934, 8.6770, 8.6443, 8.6934, 8.6934, 8.6607, 3.1440, 8.7260,
        3.1234], grad_fn=<IndexBackward0>), tensor([11.5545, 11.5968, 11.5333, 11.5333, 11.5757, 11.6180, 11.5968, 11.5757,
        11.6180, 11.5545], grad_fn=<IndexBackward0>), tensor([15.1067,  4.3842, 15.1334, 15.0535, 15.0535, 15.0535, 15.1334,  5.7136,
        15.1334, 14.9737], grad_fn=<IndexBackward0>), tensor([19.3043, 19.2387, 19.2387, 19.2059, 19.0092,  5.9506, 19.1076, 19.1732,
        19.2059, 19.2715], grad_fn=<IndexBackward0>), tensor([23.5085, 23.7425, 23.7035, 23.5475, 23.5475, 23.6255, 23.6255, 23.6645,
        23.6645, 23.5865], grad_fn=<IndexBackward0>), tensor([27.6964, 27.5183, 27.6964, 27.7409, 27.7854, 27.6519, 27.6519, 27.7854,
        27.6964, 27.6964], grad_fn=<IndexBackward0>), tensor([31.3538, 31.0084, 31.2551, 31.4524, 31.4031, 31.3538, 31.5511, 31.4031,
        31.3044, 31.3044], grad_fn=<IndexBackward0>), tensor([34.6241, 34.5172, 34.5707, 13.8834, 34.6241, 34.5172, 34.6776, 34.5172,
        34.4638, 13.8834], grad_fn=<IndexBackward0>), tensor([37.4996, 37.3285, 37.4996, 37.4996, 37.4996, 37.2715, 37.3856, 17.6518,
        37.4426, 37.5567], grad_fn=<IndexBackward0>), tensor([39.9443, 17.4341, 40.0647, 39.8841, 40.0045, 19.8191, 39.9443, 39.9443,
        40.0647, 39.8841], grad_fn=<IndexBackward0>), tensor([42.3917, 42.2657, 42.1397, 42.2657, 42.4547, 42.2027, 42.3287, 42.3287,
        42.2027, 42.3287], grad_fn=<IndexBackward0>), tensor([44.4204, 44.4859, 44.2239, 44.3549, 44.4859, 44.2894, 20.8928, 44.2239,
        44.4204, 43.9620], grad_fn=<IndexBackward0>), tensor([46.1544, 46.2220, 46.2220, 46.3574, 46.1544, 46.2220, 46.3574, 46.2220,
        46.2897, 46.2220], grad_fn=<IndexBackward0>), tensor([26.5046, 47.9955, 47.9259, 47.9259, 47.9955, 48.1348, 47.9259, 47.9955,
        26.5046, 48.0652], grad_fn=<IndexBackward0>), tensor([49.3379, 49.3379, 49.5522, 49.1951, 49.4808, 49.4094, 49.6237, 49.5522,
        49.6951, 49.4808], grad_fn=<IndexBackward0>), tensor([50.8465, 50.8465, 50.9195, 50.4087, 27.6994, 50.8465, 50.8465, 51.1384,
        50.9925, 50.8465], grad_fn=<IndexBackward0>), tensor([52.0209, 52.0953, 52.0953, 52.0953, 52.3183, 52.2440, 52.3183, 52.0953,
        52.0209, 29.1279], grad_fn=<IndexBackward0>), tensor([53.2878, 53.2123, 30.6950, 32.4961, 53.5145, 53.2123, 53.5901, 53.2123,
        53.3634, 53.2123], grad_fn=<IndexBackward0>), tensor([34.0303, 54.5228, 54.3695, 53.9096, 54.1395, 32.0328, 54.2928, 54.3695,
        54.2162, 54.2162], grad_fn=<IndexBackward0>), tensor([55.2142, 54.9813, 55.2919, 55.2142, 54.5932, 55.1366, 54.9813, 55.5248,
        33.4380, 55.2142], grad_fn=<IndexBackward0>), tensor([55.9511, 56.1865, 55.9511, 55.9511, 55.9511, 55.9511, 56.0295, 55.9511,
        56.0295, 55.8726], grad_fn=<IndexBackward0>), tensor([56.6839, 56.6047, 56.6839, 56.6839, 56.8424, 56.6839, 56.7631, 56.6839,
        56.9216, 57.0800], grad_fn=<IndexBackward0>), tensor([57.3425, 57.5023, 57.3425, 57.5821, 57.3425, 57.1030, 57.2627, 57.5023,
        57.3425, 57.0231], grad_fn=<IndexBackward0>), tensor([58.0149, 57.8541, 58.3366, 57.9345, 58.0953, 58.0149, 57.7737, 39.3054,
        58.1757, 58.2561], grad_fn=<IndexBackward0>), tensor([58.3136, 58.7181, 58.5563, 40.8609, 58.3136, 58.3136, 58.6372, 58.2327,
        58.5563, 58.3945], grad_fn=<IndexBackward0>), tensor([59.0573, 58.9760, 58.8946, 58.9760, 43.1386, 59.2200, 58.9760, 59.1386,
        58.7320, 59.0573], grad_fn=<IndexBackward0>), tensor([59.4343, 59.3526, 59.4343, 59.5976, 43.5711, 59.5160, 59.4343, 59.5160,
        59.5976, 59.4343], grad_fn=<IndexBackward0>), tensor([59.7414, 59.9873, 59.9053, 59.9873, 59.8233, 44.7908, 59.9873, 59.9053,
        59.9873, 59.9053], grad_fn=<IndexBackward0>), tensor([60.2566, 60.0099, 60.1744, 60.1744, 60.1744, 59.8454, 60.0099, 60.4210,
        60.4210, 60.1744], grad_fn=<IndexBackward0>), tensor([60.1568, 60.7337, 60.5689, 60.5689, 48.0710, 60.2392, 60.5689, 60.5689,
        60.7337, 60.3216], grad_fn=<IndexBackward0>), tensor([60.7708, 60.9359, 60.8533, 61.0184, 60.8533, 60.4406, 60.7708, 60.8533,
        60.7708, 60.8533], grad_fn=<IndexBackward0>), tensor([50.8147, 61.0777, 61.1604, 61.2431, 61.1604, 60.9950, 61.1604, 60.9950,
        61.1604, 61.3258], grad_fn=<IndexBackward0>), tensor([61.2834, 61.3661, 52.4263, 61.2007, 61.4488, 61.2834, 61.3661, 61.4488,
        52.3448, 61.3661], grad_fn=<IndexBackward0>), tensor([61.3277, 61.4105, 61.5759, 53.0111, 61.5759, 61.6587, 61.5759, 61.4932,
        61.7414, 61.5759], grad_fn=<IndexBackward0>), tensor([61.7672, 61.8499, 61.7672, 61.8499, 61.0227, 61.8499, 61.8499, 61.7672,
        61.6845, 61.7672], grad_fn=<IndexBackward0>), tensor([62.1106, 62.0279, 61.6971, 61.9452, 61.9452, 62.0279, 61.9452, 61.4490,
        61.8625, 62.1106], grad_fn=<IndexBackward0>), tensor([62.1734, 57.7344, 62.0082, 62.0082, 61.9256, 62.0082, 62.1734, 62.0908,
        61.9256, 62.1734], grad_fn=<IndexBackward0>), tensor([59.7368, 62.2368, 62.3193, 62.0719, 62.4018, 62.2368, 62.1544, 62.0719,
        62.1544, 59.6563], grad_fn=<IndexBackward0>), tensor([62.3389, 62.5034, 62.4211, 61.8932, 62.5034, 62.3389, 62.2566, 62.1743,
        62.5856, 62.4211], grad_fn=<IndexBackward0>), tensor([61.6763, 61.8395, 61.6763, 61.6763, 61.5947, 61.9211, 61.9211, 61.7579,
        61.7579, 61.6763], grad_fn=<IndexBackward0>), tensor([61.9555, 61.9555, 62.2005, 61.9555, 61.8739, 61.9555, 61.8739, 61.8739,
        61.7324, 61.7922], grad_fn=<IndexBackward0>), tensor([62.2177, 62.2177, 62.1362, 62.0547, 62.0547, 60.8373, 61.9731, 62.0547,
        62.1362, 62.0547], grad_fn=<IndexBackward0>), tensor([62.2818, 62.1190, 61.4384, 62.2004, 62.1190, 62.0376, 63.6284, 62.2004,
        62.2004, 62.2818], grad_fn=<IndexBackward0>), tensor([62.2803, 62.4425, 62.1991, 62.1991, 62.2803, 62.1991, 62.1180, 61.9558,
        61.9558, 62.1991], grad_fn=<IndexBackward0>), tensor([62.6100, 62.1246, 62.2864, 62.5291, 62.2864, 62.3673, 62.2864, 62.0437,
        62.2055, 62.2864], grad_fn=<IndexBackward0>), tensor([61.9657, 62.3691, 62.0950, 62.4498, 62.4212, 62.2165, 62.2884, 62.5305,
        62.3691, 62.2077], grad_fn=<IndexBackward0>), tensor([62.3663, 62.4455, 62.2846, 62.6064, 62.4455, 62.5259, 62.5259, 62.2056,
        62.5259, 62.6064], grad_fn=<IndexBackward0>), tensor([62.4919, 62.4919, 62.4919, 62.3495, 62.3316, 62.2515, 62.4919, 62.4118,
        62.6522, 62.5721], grad_fn=<IndexBackward0>), tensor([62.4792, 62.5590, 62.6388, 62.5590, 62.6388, 62.4792, 62.7186, 62.5590,
        62.5590, 62.4792], grad_fn=<IndexBackward0>), tensor([62.5106, 62.6697, 62.8287, 62.6697, 62.4311, 62.5106, 62.2720, 63.3942,
        62.4311, 62.5106], grad_fn=<IndexBackward0>), tensor([62.4364, 63.6891, 62.5945, 62.6736, 62.6736, 62.7526, 62.7526, 62.5945,
        62.6736, 62.5154], grad_fn=<IndexBackward0>), tensor([62.6125, 62.6912, 62.4551, 62.6912, 62.2978, 62.8485, 62.6125, 62.6912,
        62.6125, 62.6125], grad_fn=<IndexBackward0>), tensor([62.5213, 62.5995, 62.6778, 62.8343, 62.4430, 62.5995, 62.4430, 62.4430,
        62.6778, 62.5213], grad_fn=<IndexBackward0>), tensor([62.8200, 62.8200, 62.5084, 62.7421, 62.6642, 62.8200, 62.5863, 61.8852,
        62.9758, 62.7421], grad_fn=<IndexBackward0>), tensor([62.6779, 62.6779, 62.5230, 62.7554, 62.8328, 62.9103, 63.1042, 62.6779,
        62.6779, 62.6004], grad_fn=<IndexBackward0>), tensor([62.5861, 62.5095, 62.5861, 61.9436, 62.5861, 62.5861, 62.4329, 61.9112,
        62.5095, 62.6627], grad_fn=<IndexBackward0>), tensor([62.5338, 62.3057, 62.4577, 62.6098, 62.6859, 62.5338, 62.6859, 62.6098,
        62.6859, 62.6859], grad_fn=<IndexBackward0>), tensor([62.5654, 62.5654, 62.5654, 62.5654, 62.5654, 62.4901, 62.4901, 62.7914,
        62.8667, 62.4901], grad_fn=<IndexBackward0>), tensor([62.8845, 62.6603, 62.9079, 62.7351, 62.5856, 62.8845, 62.5109, 62.8845,
        62.1373, 62.4362], grad_fn=<IndexBackward0>), tensor([60.5589, 62.9348, 62.8609, 62.8609, 62.8609, 62.9348, 62.7870, 62.8609,
        62.9348, 62.7870], grad_fn=<IndexBackward0>), tensor([63.1294, 62.9836, 63.0565, 63.3482, 63.1294, 63.0565, 63.3482, 63.0565,
        63.2023, 63.0565], grad_fn=<IndexBackward0>), tensor([63.3256, 63.5438, 62.0276, 63.3272, 63.5438, 63.6199, 63.5438, 63.5438,
        63.5438, 63.6882], grad_fn=<IndexBackward0>), tensor([63.6857, 63.6146, 63.4726, 63.6146, 62.6201, 63.8714, 64.0887, 63.6146,
        63.3305, 63.4726], grad_fn=<IndexBackward0>), tensor([64.0210, 63.7413, 63.7413, 63.6714, 64.3441, 64.7690, 63.8812, 63.8812,
        62.4828, 63.8112], grad_fn=<IndexBackward0>), tensor([64.1949, 64.1261, 64.0574, 64.6248, 64.1949, 64.1261, 64.3323, 64.6248,
        64.2636, 64.0574], grad_fn=<IndexBackward0>), tensor([64.7821, 64.4162, 64.2131, 64.5517, 64.6194, 64.4840, 64.4840, 64.4162,
        64.4840, 64.7821], grad_fn=<IndexBackward0>), tensor([64.8268, 64.7602, 64.6270, 64.8934, 64.8268, 64.7602, 65.0266, 64.7602,
        64.8934, 64.7602], grad_fn=<IndexBackward0>), tensor([65.0450, 64.5875, 65.0450, 65.1764, 64.9137, 65.1893, 65.4578, 64.9794,
        65.1764, 65.1764], grad_fn=<IndexBackward0>), tensor([62.8206, 65.2229, 65.3521, 65.3521, 65.3521, 65.3521, 65.4167, 65.3521,
        65.4813, 65.4167], grad_fn=<IndexBackward0>), tensor([nan, nan, nan, nan, nan, nan, nan, nan, nan, nan],
       grad_fn=<IndexBackward0>), tensor([nan, nan, nan, nan, nan, nan, nan, nan, nan, nan],
       grad_fn=<IndexBackward0>), tensor([nan, nan, nan, nan, nan, nan, nan, nan, nan, nan],
       grad_fn=<IndexBackward0>), tensor([nan, nan, nan, nan, nan, nan, nan, nan, nan, nan],
       grad_fn=<IndexBackward0>), tensor([nan, nan, nan, nan, nan, nan, nan, nan, nan, nan],
       grad_fn=<IndexBackward0>), tensor([nan, nan, nan, nan, nan, nan, nan, nan, nan, nan],
       grad_fn=<IndexBackward0>), tensor([nan, nan, nan, nan, nan, nan, nan, nan, nan, nan],
       grad_fn=<IndexBackward0>), tensor([nan, nan, nan, nan, nan, nan, nan, nan, nan, nan],
       grad_fn=<IndexBackward0>), tensor([nan, nan, nan, nan, nan, nan, nan, nan, nan, nan],
       grad_fn=<IndexBackward0>), tensor([nan, nan, nan, nan, nan, nan, nan, nan, nan, nan],
       grad_fn=<IndexBackward0>), tensor([nan, nan, nan, nan, nan, nan, nan, nan, nan, nan],
       grad_fn=<IndexBackward0>), tensor([nan, nan, nan, nan, nan, nan, nan, nan, nan, nan],
       grad_fn=<IndexBackward0>), tensor([nan, nan, nan, nan, nan, nan, nan, nan, nan, nan],
       grad_fn=<IndexBackward0>), tensor([nan, nan, nan, nan, nan, nan, nan, nan, nan, nan],
       grad_fn=<IndexBackward0>), tensor([nan, nan, nan, nan, nan, nan, nan, nan, nan, nan],
       grad_fn=<IndexBackward0>), tensor([nan, nan, nan, nan, nan, nan, nan, nan, nan, nan],
       grad_fn=<IndexBackward0>), tensor([nan, nan, nan, nan, nan, nan, nan, nan, nan, nan],
       grad_fn=<IndexBackward0>), tensor([nan, nan, nan, nan, nan, nan, nan, nan, nan, nan],
       grad_fn=<IndexBackward0>), tensor([nan, nan, nan, nan, nan, nan, nan, nan, nan, nan],
       grad_fn=<IndexBackward0>)]
[2022-06-09 15:10:59,705][util][INFO] - td error
[tensor([7.0035, 6.8637, 6.8034, 6.9768, 6.8034, 6.8034, 7.0550, 6.7723, 6.7723,
        6.8034]), tensor([6.6950, 6.8567, 7.0566, 6.8567, 6.7939, 6.6950, 7.0566, 6.7615, 7.0566,
        6.8256]), tensor([6.9799, 6.8887, 6.8887, 6.9198, 6.8248, 6.8887, 6.8571, 6.9198, 6.8887,
        6.8887]), tensor([6.9271, 6.8949, 6.8949, 6.9271, 6.9896, 6.9271, 6.9587, 7.1071, 6.9896,
        6.8949]), tensor([7.1354, 7.0448, 7.1354, 6.9153, 7.0134, 6.9813, 7.2473, 7.0134, 6.9813,
        7.0134]), tensor([7.1840, 7.2140, 7.2433, 7.2140, 7.1222, 7.4791, 7.0903, 7.1534, 7.1222,
        7.1222]), tensor([7.3043, 7.3345, 7.2418, 7.3932, 7.3932, 7.2418, 7.3345, 7.3642, 7.3932,
        7.2733]), tensor([7.6767, 7.4766, 7.5947, 7.5369, 7.4455, 7.6500, 7.5661, 7.4766, 7.5661,
        7.5369]), tensor([7.8049, 7.9456, 7.8049, 8.0225, 7.8343, 7.8049, 7.8343, 7.8049, 7.8912,
        7.8049]), tensor([8.4981, 8.4144, 8.3853, 8.4981, 8.4981, 8.4708, 8.5248, 8.4708, 8.4981,
        8.5248]), tensor([9.2772, 9.2219, 9.3300, 9.3555, 9.5161, 9.4045, 9.3300, 9.2219, 9.3803,
        9.3040]), tensor([10.5303, 10.4145, 10.4859, 10.5516, 10.4627, 10.5303, 10.4389, 10.5084,
        10.4627, 10.4389]), tensor([12.0811, 12.1012, 12.1206, 12.1575, 12.1012, 12.1012, 12.1393, 11.9947,
        12.0605, 12.0605]), tensor([14.1772, 14.1451, 14.1922, 14.1922, 14.1614, 14.1281, 14.1451, 14.1614,
        14.1281, 14.1772]), tensor([16.7368, 16.7368, 16.7235, 16.7614, 16.7614, 16.7614, 16.7235, 16.8203,
        16.7235, 16.7937]), tensor([19.8733, 19.8893, 19.8893, 19.8964, 19.9258, 19.9185, 19.9140, 19.9029,
        19.8964, 19.8816]), tensor([23.6363, 23.6252, 23.6287, 23.6361, 23.6361, 23.6336, 23.6336, 23.6314,
        23.6314, 23.6352]), tensor([27.5592, 27.5394, 27.5592, 27.5626, 27.5654, 27.5552, 27.5552, 27.5654,
        27.5592, 27.5592]), tensor([31.2104, 31.1344, 31.1919, 31.2265, 31.2188, 31.2104, 31.2400, 31.2188,
        31.2015, 31.2015]), tensor([34.5082, 34.4823, 34.4955, 34.4823, 34.5082, 34.4823, 34.5202, 34.4823,
        34.4683, 34.4823]), tensor([37.4095, 37.3585, 37.4095, 37.4095, 37.4095, 37.3402, 37.3761, 37.1949,
        37.3931, 37.4252]), tensor([39.9594, 39.6953, 39.9992, 39.9385, 39.9796, 39.9992, 39.9594, 39.9594,
        39.9992, 39.9385]), tensor([42.3110, 42.2655, 42.2175, 42.2655, 42.3328, 42.2418, 42.2886, 42.2886,
        42.2418, 42.2886]), tensor([44.3799, 44.4049, 44.3013, 44.3543, 44.4049, 44.3281, 44.1576, 44.3013,
        44.3799, 44.1876]), tensor([46.2083, 46.2367, 46.2367, 46.2918, 46.2083, 46.2367, 46.2918, 46.2367,
        46.2646, 46.2367]), tensor([47.9451, 47.9451, 47.9153, 47.9153, 47.9451, 48.0028, 47.9153, 47.9451,
        47.9451, 47.9743]), tensor([49.3838, 49.3838, 49.4805, 49.3162, 49.4489, 49.4167, 49.5114, 49.4805,
        49.5418, 49.4489]), tensor([50.8493, 50.8493, 50.8825, 50.6370, 50.8493, 50.8493, 50.8493, 50.9783,
        50.9150, 50.8493]), tensor([52.0407, 52.0759, 52.0759, 52.0759, 52.1777, 52.1444, 52.1777, 52.0759,
        52.0407, 52.0049]), tensor([53.2352, 53.1994, 53.1994, 53.0499, 53.3389, 53.1994, 53.3722, 53.1994,
        53.2704, 53.1994]), tensor([54.2432, 54.3502, 54.2795, 54.0524, 54.1688, 54.2063, 54.2432, 54.2795,
        54.2063, 54.2063]), tensor([55.1457, 55.0301, 55.1829, 55.1457, 54.8250, 55.1078, 55.0301, 55.2909,
        55.0693, 55.1457]), tensor([55.9359, 56.0503, 55.9359, 55.9359, 55.9359, 55.9359, 55.9747, 55.9359,
        55.9747, 55.8965]), tensor([56.6698, 56.6297, 56.6698, 56.6698, 56.7482, 56.6698, 56.7093, 56.6698,
        56.7865, 56.8611]), tensor([57.3266, 57.4063, 57.3266, 57.4453, 57.3266, 57.2022, 57.2857, 57.4063,
        57.3266, 57.1595]), tensor([57.9634, 57.8812, 58.1202, 57.9226, 58.0035, 57.9634, 57.8392, 57.7965,
        58.0430, 58.0819]), tensor([58.3719, 58.5783, 58.4976, 58.5383, 58.3719, 58.3719, 58.5383, 58.3288,
        58.4976, 58.4144]), tensor([58.9904, 58.9487, 58.9063, 58.9487, 59.0315, 59.0719, 58.9487, 59.0315,
        58.8198, 58.9904]), tensor([59.3931, 59.3504, 59.3931, 59.4767, 59.3504, 59.4352, 59.3931, 59.4352,
        59.4767, 59.3931]), tensor([59.7602, 59.8874, 59.8456, 59.8874, 59.8032, 59.6722, 59.8874, 59.8456,
        59.8874, 59.8456]), tensor([60.1953, 60.0654, 60.1527, 60.1527, 60.1527, 59.9757, 60.0654, 60.2788,
        60.2788, 60.1527]), tensor([60.2886, 60.5933, 60.5094, 60.5094, 60.4665, 60.3340, 60.5094, 60.5094,
        60.5933, 60.3788]), tensor([60.7538, 60.8393, 60.7968, 60.8811, 60.7968, 60.5752, 60.7538, 60.7968,
        60.7538, 60.7968]), tensor([61.0462, 61.0030, 61.0462, 61.0888, 61.0462, 60.9592, 61.0462, 60.9592,
        61.0462, 61.1307]), tensor([61.2818, 61.3251, 61.3251, 61.2379, 61.3678, 61.2818, 61.3251, 61.3678,
        61.3251, 61.3251]), tensor([61.3807, 61.4253, 61.5126, 61.1000, 61.5126, 61.5553, 61.5126, 61.4693,
        61.5974, 61.5126]), tensor([61.7046, 61.7473, 61.7046, 61.7473, 61.2916, 61.7473, 61.7473, 61.7046,
        61.6612, 61.7046]), tensor([61.9618, 61.9197, 61.7450, 61.8769, 61.8769, 61.9197, 61.8769, 61.6075,
        61.8336, 61.9618]), tensor([62.0745, 61.8547, 61.9885, 61.9885, 61.9445, 61.9885, 62.0745, 62.0318,
        61.9445, 62.0745]), tensor([62.0795, 62.1666, 62.2092, 62.0795, 62.2512, 62.1666, 62.1233, 62.0795,
        62.1233, 62.0350]), tensor([62.2987, 62.3831, 62.3412, 62.3412, 62.3831, 62.2987, 62.2556, 62.2119,
        62.4243, 62.3412]), tensor([61.9026, 61.9899, 61.9026, 61.9026, 61.8580, 62.0326, 62.0326, 61.9465,
        61.9465, 61.9026]), tensor([61.9445, 61.9445, 62.0677, 61.9445, 61.9021, 61.9445, 61.9021, 61.9021,
        61.9021, 61.8592]), tensor([62.1244, 62.1244, 62.0833, 62.0415, 62.0415, 61.5408, 61.9992, 62.0415,
        62.0833, 62.0415]), tensor([62.2124, 62.1297, 61.7267, 62.1714, 62.1297, 62.0875, 59.1593, 62.1714,
        62.1714, 62.2124]), tensor([62.2287, 62.3099, 62.1872, 62.1872, 62.2287, 62.1872, 62.1451, 62.0589,
        62.0589, 62.1872]), tensor([62.4231, 62.1773, 62.2617, 62.3837, 62.2617, 62.3030, 62.2617, 62.1342,
        62.2198, 62.2617]), tensor([62.1231, 62.3378, 62.2961, 62.3789, 62.4591, 62.2538, 62.2961, 62.4193,
        62.3378, 62.2538]), tensor([62.3744, 62.4159, 62.3322, 62.4971, 62.4159, 62.4568, 62.4568, 62.4159,
        62.4568, 62.4971]), tensor([62.4810, 62.4810, 62.4810, 62.5617, 62.3979, 62.3553, 62.4810, 62.4398,
        62.5617, 62.5217]), tensor([62.4868, 62.5278, 62.5682, 62.5278, 62.5682, 62.4868, 62.6080, 62.5278,
        62.5278, 62.4868]), tensor([62.5426, 62.6234, 62.7016, 62.6234, 62.5013, 62.5426, 62.4167, 59.6118,
        62.5013, 62.5426]), tensor([62.5202, 59.6459, 62.6017, 62.6415, 62.6415, 62.6807, 62.6807, 62.6017,
        62.6415, 62.5613]), tensor([62.6063, 62.6457, 62.5256, 62.6457, 62.4424, 62.7226, 62.6063, 62.6457,
        62.6063, 62.6063]), tensor([62.5916, 62.6313, 62.6704, 62.7466, 62.5513, 62.6313, 62.5513, 62.5513,
        62.6704, 62.5916]), tensor([62.7177, 62.7177, 62.5616, 62.6796, 62.6409, 62.7177, 62.6016, 62.2192,
        62.7920, 62.6796]), tensor([62.6881, 62.6881, 62.6095, 62.7265, 62.7643, 62.8014, 62.1239, 62.6881,
        62.6881, 62.6491]), tensor([62.6056, 62.5661, 62.6056, 62.4438, 62.6056, 62.6056, 62.5260, 62.1822,
        62.5661, 62.6445]), tensor([62.6326, 62.5141, 62.5937, 62.6709, 62.7085, 62.6326, 62.7085, 62.6709,
        62.7085, 62.7085]), tensor([62.5848, 62.5848, 62.5848, 62.5848, 62.5848, 62.5465, 62.5465, 62.6961,
        62.7320, 62.5465]), tensor([62.7486, 62.6371, 62.6371, 62.6749, 62.5987, 62.7486, 62.5597, 62.7486,
        62.3551, 62.5200]), tensor([61.2145, 62.9306, 62.8939, 62.8939, 62.8939, 62.9306, 62.8566, 62.8939,
        62.9306, 62.8566]), tensor([63.1015, 63.0276, 63.0648, 63.2077, 63.1015, 63.0648, 63.2077, 63.0648,
        63.1375, 63.0648]), tensor([63.1667, 63.4715, 62.5856, 63.3619, 63.4715, 63.3241, 63.4715, 63.4715,
        63.4715, 63.5414]), tensor([63.7323, 63.6971, 63.6251, 63.6971, 63.1397, 63.6251, 63.7323, 63.6971,
        63.5505, 63.6251]), tensor([63.9677, 63.8326, 63.8326, 63.7973, 63.8673, 60.4269, 63.9014, 63.9014,
        63.1006, 63.8673]), tensor([64.1811, 64.1479, 64.1141, 64.1479, 64.1811, 64.1479, 64.2455, 64.1479,
        64.2136, 64.1141]), tensor([64.3548, 64.4208, 64.3209, 64.4842, 64.5150, 64.4528, 64.4528, 64.4208,
        64.4528, 64.3548]), tensor([64.7498, 64.7193, 64.6565, 64.7797, 64.7498, 64.7193, 64.8375, 64.7193,
        64.7797, 64.7193]), tensor([65.0387, 64.9777, 65.0387, 65.0971, 64.9777, 64.8145, 64.9463, 65.0085,
        65.0971, 65.0971]), tensor([63.1335, 65.2490, 65.3083, 65.3083, 65.3083, 65.3083, 65.3369, 65.3083,
        65.3650, 65.3369]), tensor([65.6516, 61.5763, 65.6801, 65.7350, 65.6801, 62.2449, 65.6801, 65.6516,
        65.5929, 65.7079]), tensor([nan, nan, nan, nan, nan, nan, nan, nan, nan, nan]), tensor([nan, nan, nan, nan, nan, nan, nan, nan, nan, nan]), tensor([nan, nan, nan, nan, nan, nan, nan, nan, nan, nan]), tensor([nan, nan, nan, nan, nan, nan, nan, nan, nan, nan]), tensor([nan, nan, nan, nan, nan, nan, nan, nan, nan, nan]), tensor([nan, nan, nan, nan, nan, nan, nan, nan, nan, nan]), tensor([nan, nan, nan, nan, nan, nan, nan, nan, nan, nan]), tensor([nan, nan, nan, nan, nan, nan, nan, nan, nan, nan]), tensor([nan, nan, nan, nan, nan, nan, nan, nan, nan, nan]), tensor([nan, nan, nan, nan, nan, nan, nan, nan, nan, nan]), tensor([nan, nan, nan, nan, nan, nan, nan, nan, nan, nan]), tensor([nan, nan, nan, nan, nan, nan, nan, nan, nan, nan]), tensor([nan, nan, nan, nan, nan, nan, nan, nan, nan, nan]), tensor([nan, nan, nan, nan, nan, nan, nan, nan, nan, nan]), tensor([nan, nan, nan, nan, nan, nan, nan, nan, nan, nan]), tensor([nan, nan, nan, nan, nan, nan, nan, nan, nan, nan]), tensor([nan, nan, nan, nan, nan, nan, nan, nan, nan, nan]), tensor([nan, nan, nan, nan, nan, nan, nan, nan, nan, nan])]
[2022-06-09 15:10:59,729][util][INFO] - total reward history
    total reward      loss
0     631.347026  6.028840
1     621.030036  5.982530
2     627.483495  5.644833
3     626.058155  5.783465
4     635.768504  5.582760
..           ...       ...
95    685.266181       NaN
96    684.451566       NaN
97    682.122703       NaN
98    683.327818       NaN
99    683.379969       NaN

[100 rows x 2 columns]
[2022-06-09 15:10:59,739][util][INFO] - weight path
/Volumes/KuraFTPServer/102-杉山雄大/dqn-ellipse-/outputs/2022-06-09/15-10-26/weight.pth
[2022-06-09 15:10:59,741][util][INFO] - time
33.159s
